<?xml version="1.0" encoding="utf-8"?><testsuites name="pytest tests"><testsuite name="pytest" errors="0" failures="0" skipped="0" tests="592" time="35.991" timestamp="2026-08-12T02:15:33.956927+09:00" hostname="mg0845"><properties><property name="hypothesis-statistics-tests/storage/test_state_machine.py::test_visibility_state_machine_is_bounded_and_terminal_is_sticky" value="dGVzdHMvc3RvcmFnZS90ZXN0X3N0YXRlX21hY2hpbmUucHk6OnRlc3RfdmlzaWJpbGl0eV9zdGF0ZV9tYWNoaW5lX2lzX2JvdW5kZWRfYW5kX3Rlcm1pbmFsX2lzX3N0aWNreToKCiAgLSBkdXJpbmcgZ2VuZXJhdGUgcGhhc2UgKDAuNDIgc2Vjb25kcyk6CiAgICAtIFR5cGljYWwgcnVudGltZXM6IH4gMC0zMSBtcywgb2Ygd2hpY2ggPCAxbXMgaW4gZGF0YSBnZW5lcmF0aW9uCiAgICAtIDIwIHBhc3NpbmcsIDAgZmFpbGluZywgYW5kIDIgaW52YWxpZCB0ZXN0IGNhc2VzCgogIC0gU3RvcHBlZCBiZWNhdXNlIHNldHRpbmdzLm1heF9leGFtcGxlcz0yMA==" /><property name="hypothesis-statistics-tests/storage/test_state_machine.py::test_proposal_state_machine_keeps_one_pending_and_monotonic_frontier" value="dGVzdHMvc3RvcmFnZS90ZXN0X3N0YXRlX21hY2hpbmUucHk6OnRlc3RfcHJvcG9zYWxfc3RhdGVfbWFjaGluZV9rZWVwc19vbmVfcGVuZGluZ19hbmRfbW9ub3RvbmljX2Zyb250aWVyOgoKICAtIGR1cmluZyBnZW5lcmF0ZSBwaGFzZSAoMC4zNiBzZWNvbmRzKToKICAgIC0gVHlwaWNhbCBydW50aW1lczogfiAxMy00NSBtcywgb2Ygd2hpY2ggPCAxbXMgaW4gZGF0YSBnZW5lcmF0aW9uCiAgICAtIDEyIHBhc3NpbmcsIDAgZmFpbGluZywgYW5kIDAgaW52YWxpZCB0ZXN0IGNhc2VzCgogIC0gU3RvcHBlZCBiZWNhdXNlIG5vdGhpbmcgbGVmdCB0byBkbw==" /><property name="hypothesis-statistics-tests/storage/test_state_machine.py::test_membership_state_machine_has_one_current_incarnation" value="dGVzdHMvc3RvcmFnZS90ZXN0X3N0YXRlX21hY2hpbmUucHk6OnRlc3RfbWVtYmVyc2hpcF9zdGF0ZV9tYWNoaW5lX2hhc19vbmVfY3VycmVudF9pbmNhcm5hdGlvbjoKCiAgLSBkdXJpbmcgZ2VuZXJhdGUgcGhhc2UgKDAuMjIgc2Vjb25kcyk6CiAgICAtIFR5cGljYWwgcnVudGltZXM6IH4gMTAtMzggbXMsIG9mIHdoaWNoIDwgMW1zIGluIGRhdGEgZ2VuZXJhdGlvbgogICAgLSA5IHBhc3NpbmcsIDAgZmFpbGluZywgYW5kIDAgaW52YWxpZCB0ZXN0IGNhc2VzCgogIC0gU3RvcHBlZCBiZWNhdXNlIG5vdGhpbmcgbGVmdCB0byBkbw==" /></properties><testcase classname="tests.architecture.test_authority_surface" name="test_authority_surfaces_have_no_dynamic_dispatch_or_public_sql_escape" time="0.001" /><testcase classname="tests.architecture.test_authority_surface" name="test_named_write_commands_are_explicit_methods" time="0.000" /><testcase classname="tests.architecture.test_authority_surface" name="test_authority_module_owns_the_canonical_schema_and_read_write_surfaces" time="0.023" /><testcase classname="tests.architecture.test_dependency_boundaries" name="test_protocol_is_dependency_free_of_runtime_storage_and_pathlib" time="0.008" /><testcase classname="tests.architecture.test_dependency_boundaries" name="test_storage_does_not_import_runtime" time="0.075" /><testcase classname="tests.architecture.test_module_coverage_manifest" name="test_every_retained_surface_has_one_current_boundary_test_mapping" time="0.181" /><testcase classname="tests.architecture.test_plan_complete_dead_surfaces" name="test_merge_and_admission_modules_expose_the_current_protocol_surface" time="0.003" /><testcase classname="tests.architecture.test_plan_complete_dead_surfaces" name="test_receipt_identity_and_paths_have_one_protocol_owner" time="0.003" /><testcase classname="tests.architecture.test_plan_complete_dead_surfaces" name="test_runtime_composition_has_one_current_actor_boundary" time="0.013" /><testcase classname="tests.architecture.test_plan_complete_dead_surfaces" name="test_only_unversioned_product_surfaces_exist" time="0.005" /><testcase classname="tests.architecture.test_plan_complete_dead_surfaces" name="test_no_product_generation_suffix_in_tracked_contents" time="0.270" /><testcase classname="tests.architecture.test_plan_complete_dead_surfaces" name="test_python_floor_and_public_invocation_surface_are_unique" time="0.002" /><testcase classname="tests.architecture.test_plan_complete_dead_surfaces" name="test_artifact_versions_and_run_paths_have_explicit_owners" time="0.005" /><testcase classname="tests.harness.test_full_protocol_harness" name="test_aggregate_checker_accepts_adjudicated_terminal_overshoot" time="0.527" /><testcase classname="tests.harness.test_full_protocol_harness" name="test_scheduler_host_oracle_distinguishes_coallocated_and_independent_jobs" time="0.001" /><testcase classname="tests.harness.test_full_protocol_harness" name="test_aggregate_checker_accepts_minimum_variable_quorum" time="0.521" /><testcase classname="tests.harness.test_full_protocol_harness" name="test_functional_config_closes_at_the_registered_global_target" time="0.006" /><testcase classname="tests.harness.test_full_protocol_harness" name="test_aggregate_checker_accepts_independent_actor_jobs" time="0.501" /><testcase classname="tests.harness.test_full_protocol_harness" name="test_aggregate_checker_rejects_submission_receipt_mismatch" time="0.500" /><testcase classname="tests.harness.test_full_protocol_harness" name="test_aggregate_checker_rejects_actor_queue_mismatch" time="0.508" /><testcase classname="tests.harness.test_full_protocol_harness" name="test_aggregate_checker_accepts_registered_syncer_takeover" time="0.517" /><testcase classname="tests.harness.test_full_protocol_harness" name="test_syncer_takeover_boundary_is_argument_bound_and_durable" time="1.034" /><testcase classname="tests.harness.test_full_protocol_harness" name="test_aggregate_checker_fault_mutations_change_acceptance_to_fail[syncer_takeover-takeover_boundary-syncer takeover evidence does not prove the registered fault layer]" time="0.530" /><testcase classname="tests.harness.test_full_protocol_harness" name="test_aggregate_checker_fault_mutations_change_acceptance_to_fail[syncer_takeover-takeover_linkage-syncer takeover epoch linkage is invalid]" time="0.524" /><testcase classname="tests.harness.test_full_protocol_harness" name="test_aggregate_checker_mutations_change_acceptance_to_fail[source_identity]" time="0.517" /><testcase classname="tests.harness.test_full_protocol_harness" name="test_aggregate_checker_mutations_change_acceptance_to_fail[resolved_config]" time="0.494" /><testcase classname="tests.harness.test_full_protocol_harness" name="test_aggregate_checker_mutations_change_acceptance_to_fail[epoch_lifecycle]" time="0.504" /><testcase classname="tests.harness.test_full_protocol_harness" name="test_aggregate_checker_mutations_change_acceptance_to_fail[attested_topology]" time="0.503" /><testcase classname="tests.harness.test_full_protocol_harness" name="test_aggregate_checker_mutations_change_acceptance_to_fail[terminal_authority]" time="0.507" /><testcase classname="tests.harness.test_full_protocol_harness" name="test_aggregate_checker_mutations_change_acceptance_to_fail[terminal_applied_total]" time="0.498" /><testcase classname="tests.harness.test_full_protocol_harness" name="test_aggregate_checker_mutations_change_acceptance_to_fail[terminal_stop_schema]" time="0.499" /><testcase classname="tests.harness.test_full_protocol_harness" name="test_aggregate_checker_mutations_change_acceptance_to_fail[terminal_summary_schema]" time="0.511" /><testcase classname="tests.harness.test_full_protocol_harness" name="test_aggregate_checker_mutations_change_acceptance_to_fail[terminal_control_mutability]" time="0.506" /><testcase classname="tests.harness.test_full_protocol_harness" name="test_aggregate_checker_mutations_change_acceptance_to_fail[archive_integrity]" time="0.503" /><testcase classname="tests.harness.test_full_protocol_harness" name="test_aggregate_checker_mutations_change_acceptance_to_fail[exact_workload]" time="0.510" /><testcase classname="tests.harness.test_full_protocol_harness" name="test_aggregate_checker_mutations_change_acceptance_to_fail[normal_non_drop_fate]" time="0.500" /><testcase classname="tests.harness.test_full_protocol_harness" name="test_aggregate_checker_mutations_change_acceptance_to_fail[publication_identity]" time="0.505" /><testcase classname="tests.harness.test_full_protocol_harness" name="test_checker_parser_freezes_topology_workload_and_fault_oracles" time="0.002" /><testcase classname="tests.harness.test_full_protocol_harness" name="test_checker_classifies_missing_run_as_structured_blocked_artifact" time="0.247" /><testcase classname="tests.harness.test_full_protocol_harness" name="test_checker_classifies_malformed_current_run_as_fail" time="0.491" /><testcase classname="tests.harness.test_full_protocol_harness" name="test_checker_explicit_execution_block_publishes_current_schema" time="0.246" /><testcase classname="tests.harness.test_full_protocol_harness" name="test_checker_verifies_publication_size_and_hash" time="0.002" /><testcase classname="tests.harness.test_full_protocol_harness" name="test_checker_rejects_escaped_or_symlinked_publication_objects" time="0.001" /><testcase classname="tests.harness.test_full_protocol_harness" name="test_checker_rejects_publication_below_symlinked_parent" time="0.001" /><testcase classname="tests.harness.test_full_protocol_harness" name="test_gate_artifact_validator_rejects_self_proof" time="0.001" /><testcase classname="tests.harness.test_full_protocol_harness" name="test_token_balance_oracle_classifies_every_direct_fate" time="0.001" /><testcase classname="tests.harness.test_full_protocol_harness" name="test_checker_registers_exact_fault_scenario[none-states0]" time="0.001" /><testcase classname="tests.harness.test_full_protocol_harness" name="test_checker_registers_exact_fault_scenario[syncer_takeover-states1]" time="0.001" /><testcase classname="tests.harness.test_full_protocol_harness" name="test_checker_rejects_unregistered_fault_scenario" time="0.001" /><testcase classname="tests.harness.test_full_protocol_harness" name="test_actor_identity_shell_exports_exact_descriptor_bound_source" time="0.261" /><testcase classname="tests.harness.test_full_protocol_harness" name="test_pbs_scripts_bind_literal_group_minimum_walltime_and_one_current_runner" time="0.004" /><testcase classname="tests.harness.test_full_protocol_harness" name="test_pbs_wrapper_publishes_blocked_artifact_when_allocation_exits" time="0.022" /><testcase classname="tests.harness.test_plan04_experiment" name="test_registered_scenarios_are_the_exact_plan05_fault_matrix" time="0.002" /><testcase classname="tests.harness.test_plan04_experiment" name="test_formal_configs_differ_only_in_capacity_policy_and_keep_200_by_10_workload" time="0.013" /><testcase classname="tests.harness.test_plan04_experiment" name="test_qsub_output_replacement_and_victim_selection_are_exact" time="0.002" /><testcase classname="tests.harness.test_plan04_experiment" name="test_replacement_topology_binds_the_admitted_instance_attestation" time="0.009" /><testcase classname="tests.harness.test_plan04_experiment" name="test_no_failure_authority_oracle_requires_ten_exact_four_way_merges" time="0.025" /><testcase classname="tests.harness.test_plan04_experiment" name="test_authority_oracle_rejects_token_rollup_drift" time="0.018" /><testcase classname="tests.harness.test_plan04_experiment" name="test_authority_oracle_rejects_checkpoint_identity_drift" time="0.018" /><testcase classname="tests.harness.test_plan04_experiment" name="test_fixed_failure_oracle_requires_one_hard_crash_and_no_launch" time="0.019" /><testcase classname="tests.harness.test_plan04_experiment" name="test_authorized_replacement_oracle_requires_capacity_qsub_and_cursor_continuity" time="0.026" /><testcase classname="tests.harness.test_validation_suite" name="test_validation_runner_publishes_create_only_schema_complete_pass" time="0.034" /><testcase classname="tests.harness.test_validation_suite" name="test_validation_runner_classifies_command_failure_as_fail" time="0.034" /><testcase classname="tests.harness.test_validation_suite" name="test_validation_runner_blocks_dirty_source_without_running_commands" time="0.002" /><testcase classname="tests.harness.test_validation_suite" name="test_validation_runner_rejects_duplicate_evidence_step_names" time="0.002" /><testcase classname="tests.harness.test_validation_suite" name="test_default_steps_use_the_explicit_npm_binary" time="0.001" /><testcase classname="tests.harness.test_validation_suite" name="test_validation_runner_records_machine_checkable_pytest_counts" time="0.467" /><testcase classname="tests.harness.test_validation_suite" name="test_validation_runner_rejects_zero_or_skipped_pytest_with_zero_exit[0-0]" time="0.003" /><testcase classname="tests.harness.test_validation_suite" name="test_validation_runner_rejects_zero_or_skipped_pytest_with_zero_exit[1-1]" time="0.003" /><testcase classname="tests.protocol.test_accounting_selection_cursor" name="test_direct_weight_stop_is_valid" time="0.002" /><testcase classname="tests.protocol.test_accounting_selection_cursor" name="test_merge_weights_reject_each_nonpositive_nonfinite_or_untyped_token[0]" time="0.001" /><testcase classname="tests.protocol.test_accounting_selection_cursor" name="test_merge_weights_reject_each_nonpositive_nonfinite_or_untyped_token[-1]" time="0.000" /><testcase classname="tests.protocol.test_accounting_selection_cursor" name="test_merge_weights_reject_each_nonpositive_nonfinite_or_untyped_token[nan]" time="0.000" /><testcase classname="tests.protocol.test_accounting_selection_cursor" name="test_merge_weights_reject_each_nonpositive_nonfinite_or_untyped_token[inf]" time="0.000" /><testcase classname="tests.protocol.test_accounting_selection_cursor" name="test_merge_weights_reject_each_nonpositive_nonfinite_or_untyped_token[-inf]" time="0.000" /><testcase classname="tests.protocol.test_accounting_selection_cursor" name="test_merge_weights_reject_each_nonpositive_nonfinite_or_untyped_token[True]" time="0.000" /><testcase classname="tests.protocol.test_accounting_selection_cursor" name="test_merge_weights_reject_nonfinite_or_negative_weight_parameters[nan]" time="0.000" /><testcase classname="tests.protocol.test_accounting_selection_cursor" name="test_merge_weights_reject_nonfinite_or_negative_weight_parameters[inf]" time="0.000" /><testcase classname="tests.protocol.test_accounting_selection_cursor" name="test_merge_weights_reject_nonfinite_or_negative_weight_parameters[-inf]" time="0.000" /><testcase classname="tests.protocol.test_accounting_selection_cursor" name="test_merge_weights_reject_nonfinite_or_negative_weight_parameters[-1.0]" time="0.000" /><testcase classname="tests.protocol.test_accounting_selection_cursor" name="test_merge_weights_reject_nonfinite_or_negative_weight_parameters[True]" time="0.000" /><testcase classname="tests.protocol.test_accounting_selection_cursor" name="test_merge_weights_use_stable_fsum_and_reject_duplicate_ids" time="0.000" /><testcase classname="tests.protocol.test_accounting_selection_cursor" name="test_prepublication_replace_discards_old_segment_and_resets_effective_metrics" time="0.000" /><testcase classname="tests.protocol.test_accounting_selection_cursor" name="test_cycle_end_replace_produces_receipt_only_balanced_accounting" time="0.000" /><testcase classname="tests.protocol.test_accounting_selection_cursor" name="test_predict_rebase_retains_work_without_loss_or_double_count" time="0.001" /><testcase classname="tests.protocol.test_accounting_selection_cursor" name="test_persistent_fair_selector_meets_frozen_1000_round_gate" time="0.012" /><testcase classname="tests.protocol.test_accounting_selection_cursor" name="test_persistent_fair_selector_has_deterministic_balanced_prefix" time="0.000" /><testcase classname="tests.protocol.test_accounting_selection_cursor" name="test_persistent_fair_selector_does_not_charge_failed_selection" time="0.000" /><testcase classname="tests.protocol.test_accounting_selection_cursor" name="test_full_quorum_keeps_stable_set_and_reduction_order" time="0.000" /><testcase classname="tests.protocol.test_accounting_selection_cursor" name="test_indexed_cursor_is_explicit_stable_and_resumable" time="0.000" /><testcase classname="tests.protocol.test_accounting_selection_cursor" name="test_indexed_cursor_uses_one_bijection_for_nonoverlapping_shards" time="0.001" /><testcase classname="tests.protocol.test_accounting_selection_cursor" name="test_indexed_cursor_rejects_invalid_or_undersized_shards" time="0.000" /><testcase classname="tests.protocol.test_cycle_receipt" name="test_cycle_receipt_v1_strict_round_trip" time="0.001" /><testcase classname="tests.protocol.test_cycle_receipt" name="test_receipt_path_is_namespaced_by_complete_contributor_fence" time="0.000" /><testcase classname="tests.protocol.test_cycle_receipt" name="test_zero_effective_cycle_is_valid_only_without_a_proposal" time="0.000" /><testcase classname="tests.protocol.test_cycle_receipt" name="test_cycle_receipt_rejects_invalid_token_types[-1]" time="0.000" /><testcase classname="tests.protocol.test_cycle_receipt" name="test_cycle_receipt_rejects_invalid_token_types[True]" time="0.000" /><testcase classname="tests.protocol.test_cycle_receipt" name="test_cycle_receipt_rejects_nonfinite_time[nan]" time="0.001" /><testcase classname="tests.protocol.test_cycle_receipt" name="test_cycle_receipt_rejects_nonfinite_time[inf]" time="0.001" /><testcase classname="tests.protocol.test_cycle_receipt" name="test_cycle_receipt_rejects_nonfinite_time[-inf]" time="0.000" /><testcase classname="tests.protocol.test_cycle_receipt" name="test_cycle_receipt_requires_contiguous_hash_link_shape" time="0.000" /><testcase classname="tests.protocol.test_cycle_receipt" name="test_cycle_receipt_rejects_unknown_field_and_version" time="0.001" /><testcase classname="tests.protocol.test_cycle_receipt" name="test_direct_receipt_and_fence_construction_cannot_bypass_validation" time="0.001" /><testcase classname="tests.protocol.test_proposal" name="test_proposal_v2_strict_round_trip" time="0.001" /><testcase classname="tests.protocol.test_proposal" name="test_proposal_v2_rejects_invalid_scalars[effective_tokens_this_update-0-must be &gt;= 1]" time="0.001" /><testcase classname="tests.protocol.test_proposal" name="test_proposal_v2_rejects_invalid_scalars[processed_tokens_this_cycle--1-must be &gt;= 1]" time="0.001" /><testcase classname="tests.protocol.test_proposal" name="test_proposal_v2_rejects_invalid_scalars[inner_steps-0-must be &gt;= 1]" time="0.001" /><testcase classname="tests.protocol.test_proposal" name="test_proposal_v2_rejects_invalid_scalars[created_at-nan-must be finite]" time="0.001" /><testcase classname="tests.protocol.test_proposal" name="test_proposal_v2_rejects_invalid_scalars[created_at-inf-must be finite]" time="0.001" /><testcase classname="tests.protocol.test_proposal" name="test_proposal_v2_rejects_invalid_scalars[base_global_version-True-must be an integer]" time="0.001" /><testcase classname="tests.protocol.test_proposal" name="test_proposal_v2_rejects_step_cursor_and_token_mismatch" time="0.001" /><testcase classname="tests.protocol.test_proposal" name="test_proposal_v2_rejects_untrusted_payload_paths[/tmp/update.safetensors]" time="0.001" /><testcase classname="tests.protocol.test_proposal" name="test_proposal_v2_rejects_untrusted_payload_paths[../update.safetensors]" time="0.001" /><testcase classname="tests.protocol.test_proposal" name="test_proposal_v2_rejects_untrusted_payload_paths[updates/staging/update.safetensors]" time="0.000" /><testcase classname="tests.protocol.test_proposal" name="test_proposal_v2_rejects_untrusted_payload_paths[updates/payloads/learner-0/not-the-update.safetensors]" time="0.000" /><testcase classname="tests.protocol.test_proposal" name="test_proposal_v2_rejects_unknown_fields_versions_and_duplicate_json_keys" time="0.001" /><testcase classname="tests.protocol.test_proposal" name="test_proposal_v2_enforces_json_size_limit" time="0.000" /><testcase classname="tests.protocol.test_proposal" name="test_direct_proposal_construction_cannot_bypass_validation" time="0.001" /><testcase classname="tests.runtime.test_dynamic_capacity_service" name="test_persistent_low_windows_plan_and_submit_exact_stream" time="0.011" /><testcase classname="tests.runtime.test_dynamic_capacity_service" name="test_initial_bootstrap_deadline_suppresses_ordinary_scale_out" time="0.013" /><testcase classname="tests.runtime.test_dynamic_capacity_service" name="test_replacement_loss_window_starts_at_its_own_admission" time="0.009" /><testcase classname="tests.runtime.test_dynamic_capacity_service" name="test_multiple_pending_scale_outs_reserve_distinct_streams" time="0.015" /><testcase classname="tests.runtime.test_dynamic_capacity_service" name="test_scheduler_state_flapping_rearms_with_each_new_row_version" time="0.016" /><testcase classname="tests.runtime.test_dynamic_capacity_service" name="test_lost_qsub_result_never_resubmits_and_ends_in_manual_review" time="0.016" /><testcase classname="tests.runtime.test_dynamic_capacity_service" name="test_invalid_operator_file_is_disposed_once" time="0.010" /><testcase classname="tests.runtime.test_dynamic_capacity_service" name="test_operator_disposal_never_follows_processed_symlink" time="0.010" /><testcase classname="tests.runtime.test_dynamic_capacity_service" name="test_oversize_operator_file_is_streamed_bounded_and_disposed_once" time="0.014" /><testcase classname="tests.runtime.test_dynamic_capacity_service" name="test_disposed_operator_file_successor_cleanup_preserves_replacement" time="0.011" /><testcase classname="tests.runtime.test_dynamic_capacity_service" name="test_lost_qsub_result_uses_historical_request_scan_without_resubmission" time="0.011" /><testcase classname="tests.runtime.test_dynamic_capacity_service" name="test_successor_recovers_submitting_request_without_duplicate_qsub" time="0.011" /><testcase classname="tests.runtime.test_dynamic_capacity_service" name="test_replacement_requires_stale_progress_and_terminal_scheduler_evidence" time="0.012" /><testcase classname="tests.runtime.test_dynamic_capacity_service" name="test_suspended_or_unknown_scheduler_state_never_authorizes_replacement" time="0.010" /><testcase classname="tests.runtime.test_dynamic_capacity_service" name="test_shared_running_pbs_job_never_proves_one_child_process_lost" time="0.011" /><testcase classname="tests.runtime.test_learner_control" name="test_configured_target_latest_enters_await_close_without_requiring_drain[2]" time="0.000" /><testcase classname="tests.runtime.test_learner_control" name="test_configured_target_latest_enters_await_close_without_requiring_drain[3]" time="0.000" /><testcase classname="tests.runtime.test_learner_control" name="test_non_global_close_policy_does_not_stop_training_from_latest_alone[manual]" time="0.000" /><testcase classname="tests.runtime.test_learner_control" name="test_non_global_close_policy_does_not_stop_training_from_latest_alone[deadline]" time="0.000" /><testcase classname="tests.runtime.test_learner_control" name="test_missing_or_pre_target_latest_does_not_enter_await_close" time="0.000" /><testcase classname="tests.runtime.test_learner_control" name="test_local_and_global_completion_waits_for_the_exact_local_horizon" time="0.000" /><testcase classname="tests.runtime.test_learner_control" name="test_replacement_resumes_the_stable_stream_local_step_coordinate" time="0.000" /><testcase classname="tests.runtime.test_learner_entrypoint" name="test_bootstrap_admission_is_revalidated_before_runtime_import" time="0.001" /><testcase classname="tests.runtime.test_learner_entrypoint" name="test_learner_parser_rejects_removed_identity_options[--learner-id]" time="0.001" /><testcase classname="tests.runtime.test_learner_entrypoint" name="test_learner_parser_rejects_removed_identity_options[--logical-launch-id]" time="0.001" /><testcase classname="tests.runtime.test_learner_entrypoint" name="test_learner_parser_rejects_removed_identity_options[--attempt-id]" time="0.001" /><testcase classname="tests.runtime.test_learner_entrypoint" name="test_learner_rejects_inconsistent_current_authorization[identity_args0]" time="0.001" /><testcase classname="tests.runtime.test_learner_entrypoint" name="test_learner_rejects_inconsistent_current_authorization[identity_args1]" time="0.001" /><testcase classname="tests.runtime.test_learner_entrypoint" name="test_learner_rejects_inconsistent_current_authorization[identity_args2]" time="0.001" /><testcase classname="tests.runtime.test_pbs_scheduler" name="test_historical_request_scan_uses_qstat_history_and_matches_exact_variable" time="0.001" /><testcase classname="tests.runtime.test_pbs_scheduler" name="test_request_scan_fails_closed_when_job_listing_is_not_supported" time="0.000" /><testcase classname="tests.runtime.test_pbs_scheduler" name="test_submit_passes_exact_environment_as_one_argument_and_rejects_unsafe_values" time="0.001" /><testcase classname="tests.runtime.test_syncer_composition" name="test_duplicate_bootstrap_request_is_rejected_after_first_admission" time="0.017" /><testcase classname="tests.runtime.test_syncer_composition" name="test_replacement_request_consumes_exact_launch_authorization[True]" time="0.020" /><testcase classname="tests.runtime.test_syncer_composition" name="test_replacement_request_consumes_exact_launch_authorization[False]" time="0.019" /><testcase classname="tests.runtime.test_syncer_composition" name="test_receipt_ingest_propagates_integrity_failures[AuthoritySchemaError]" time="0.002" /><testcase classname="tests.runtime.test_syncer_composition" name="test_receipt_ingest_propagates_integrity_failures[CommandConflictError]" time="0.001" /><testcase classname="tests.runtime.test_syncer_composition" name="test_receipt_ingest_propagates_integrity_failures[StaleLeaderTokenError]" time="0.001" /><testcase classname="tests.runtime.test_syncer_composition" name="test_proposal_ingest_propagates_integrity_failures[AuthoritySchemaError]" time="0.003" /><testcase classname="tests.runtime.test_syncer_composition" name="test_proposal_ingest_propagates_integrity_failures[CommandConflictError]" time="0.001" /><testcase classname="tests.runtime.test_syncer_composition" name="test_proposal_ingest_propagates_integrity_failures[StaleLeaderTokenError]" time="0.001" /><testcase classname="tests.runtime.test_syncer_composition" name="test_proposal_ingest_reconsiders_merge_after_each_new_payload" time="0.001" /><testcase classname="tests.runtime.test_syncer_composition" name="test_proposal_receipt_ack_waits_for_proposal_ingestion" time="0.002" /><testcase classname="tests.runtime.test_syncer_composition" name="test_proposal_ingest_scans_past_exact_command_replays" time="0.002" /><testcase classname="tests.runtime.test_syncer_composition" name="test_proposal_ingest_prioritizes_streams_missing_from_pending_quorum" time="0.002" /><testcase classname="tests.runtime.test_syncer_composition" name="test_proposal_ingest_skips_stale_fence_before_payload_verification" time="0.001" /><testcase classname="tests.runtime.test_syncer_composition" name="test_receipt_ingest_retries_only_sqlite_contention[5-False]" time="0.002" /><testcase classname="tests.runtime.test_syncer_composition" name="test_receipt_ingest_retries_only_sqlite_contention[6-False]" time="0.001" /><testcase classname="tests.runtime.test_syncer_composition" name="test_receipt_ingest_retries_only_sqlite_contention[10-True]" time="0.001" /><testcase classname="tests.runtime.test_syncer_fault_boundary" name="test_syncer_fault_boundary_orders_quiesce_marker_and_sigstop" time="0.001" /><testcase classname="tests.runtime.test_syncer_fault_boundary" name="test_syncer_fault_boundary_refuses_an_active_authority_transaction" time="0.008" /><testcase classname="tests.runtime.test_syncer_startup_admission" name="test_initial_requests_are_admitted_before_runtime_import" time="0.000" /><testcase classname="tests.runtime.test_syncer_startup_admission" name="test_bounded_startup_window_leaves_late_requests_for_main_loop" time="0.000" /><testcase classname="tests.runtime.test_syncer_startup_admission" name="test_syncer_admission_modules_load_without_torch" time="0.125" /><testcase classname="tests.runtime.test_syncer_startup_admission" name="test_candidate_cleanup_preserves_primary_failure_and_surfaces_release_failure[False]" time="0.001" /><testcase classname="tests.runtime.test_syncer_startup_admission" name="test_candidate_cleanup_preserves_primary_failure_and_surfaces_release_failure[True]" time="0.001" /><testcase classname="tests.runtime.test_terminal_service" name="test_terminal_service_honors_bounded_final_merge_policy[0-0]" time="0.016" /><testcase classname="tests.runtime.test_terminal_service" name="test_terminal_service_honors_bounded_final_merge_policy[1-1]" time="0.016" /><testcase classname="tests.runtime.test_terminal_service" name="test_terminal_preclose_visibility_uses_one_frozen_wall_cutoff" time="0.016" /><testcase classname="tests.runtime.test_terminal_service" name="test_terminal_wait_does_not_sleep_past_durable_ack_deadline" time="0.015" /><testcase classname="tests.runtime.test_terminal_service" name="test_terminal_ack_telemetry_does_not_override_writer_identity" time="0.014" /><testcase classname="tests.runtime.test_terminal_service" name="test_terminal_merge_conflict_does_not_consume_terminal_budget" time="0.015" /><testcase classname="tests.runtime.test_terminal_service" name="test_manual_reason_is_not_used_as_a_protocol_command_identity" time="0.016" /><testcase classname="tests.runtime.test_terminal_service" name="test_preclose_cutoff_and_deadline_survive_successor_takeover" time="0.017" /><testcase classname="tests.runtime.test_terminal_service" name="test_terminal_close_reason_consumes_global_target_and_deadline_policy" time="0.013" /><testcase classname="tests.runtime.test_terminal_service" name="test_global_target_waits_for_every_contributor_local_horizon" time="0.000" /><testcase classname="tests.runtime.test_terminal_service" name="test_launch_budget_close_requires_released_reservations_and_low_capacity[None-0-1-None]" time="0.012" /><testcase classname="tests.runtime.test_terminal_service" name="test_launch_budget_close_requires_released_reservations_and_low_capacity[101.0-1-0-None]" time="0.012" /><testcase classname="tests.runtime.test_terminal_service" name="test_launch_budget_close_requires_released_reservations_and_low_capacity[101.0-0-0-launch_budget_exhausted]" time="0.012" /><testcase classname="tests.storage.test_admission_request" name="test_request_carries_exact_bootstrap_authorization" time="0.001" /><testcase classname="tests.storage.test_admission_request" name="test_request_rejects_legacy_mode_and_static_identity_fields" time="0.001" /><testcase classname="tests.storage.test_admission_request" name="test_admission_response_carries_last_planned_update_identity" time="0.002" /><testcase classname="tests.storage.test_artifact_policy" name="test_artifact_policy_classifies_protocol_domains_and_fails_unknown_closed" time="0.002" /><testcase classname="tests.storage.test_artifact_policy" name="test_artifact_policy_checksum_tamper_fails_closed" time="0.001" /><testcase classname="tests.storage.test_audit_archive" name="test_logical_rows_merge_hot_and_validated_archived_records" time="0.002" /><testcase classname="tests.storage.test_audit_archive" name="test_audit_identity_components_cannot_escape_the_audit_root" time="0.000" /><testcase classname="tests.storage.test_audit_archive" name="test_audit_consumer_dedup_key_includes_record_kind" time="0.000" /><testcase classname="tests.storage.test_audit_archive" name="test_partition_is_published_before_hashed_manifest_and_validates" time="0.002" /><testcase classname="tests.storage.test_audit_archive" name="test_audit_gc_refuses_leaf_and_parent_symlinks_without_deleting_targets" time="0.001" /><testcase classname="tests.storage.test_authority_membership" name="test_revoke_before_selection_leaves_current_quorum_progressing" time="0.022" /><testcase classname="tests.storage.test_authority_membership" name="test_selection_classifies_stale_rows_without_partial_abort" time="0.021" /><testcase classname="tests.storage.test_authority_membership" name="test_revoke_after_selection_returns_per_row_conflict_then_retry_commits" time="0.028" /><testcase classname="tests.storage.test_authority_membership" name="test_draining_preserves_only_declared_final_update_and_stop_terminalizes_it" time="0.015" /><testcase classname="tests.storage.test_authority_membership" name="test_authorized_replacement_atomically_retires_old_incarnation" time="0.017" /><testcase classname="tests.storage.test_authority_operational" name="test_authority_token_rollup_balances_receipt_only_and_applied_fates" time="0.021" /><testcase classname="tests.storage.test_authority_operational" name="test_abandoned_selection_does_not_consume_persistent_service_credit" time="0.020" /><testcase classname="tests.storage.test_authority_operational" name="test_sql_fair_selection_uses_committed_count_before_version_ties" time="0.119" /><testcase classname="tests.storage.test_authority_operational" name="test_process_elapsed_safety_is_monotonic_despite_wall_clock_jumps" time="0.001" /><testcase classname="tests.storage.test_authority_operational" name="test_replacement_returns_full_contiguous_resume_state" time="0.023" /><testcase classname="tests.storage.test_authority_operational" name="test_terminal_close_freezes_fence_blocks_admission_and_accounts_hard_crash" time="0.016" /><testcase classname="tests.storage.test_authority_operational" name="test_terminal_preclose_admits_only_requests_before_durable_cutoff" time="0.011" /><testcase classname="tests.storage.test_authority_operational" name="test_terminal_hard_crash_gap_is_summed_per_lost_incarnation" time="0.017" /><testcase classname="tests.storage.test_authority_operational" name="test_replacement_recovers_authoritative_cursor_and_receipt_chain" time="0.022" /><testcase classname="tests.storage.test_authority_operational" name="test_telemetry_deletion_cannot_change_authoritative_token_summary" time="0.013" /><testcase classname="tests.storage.test_authority_operational" name="test_terminal_final_receipt_ack_preserves_zero_gap_and_balanced_tokens" time="0.016" /><testcase classname="tests.storage.test_authority_operational" name="test_terminal_zero_cycle_ack_requires_no_receipt_and_preserves_zero_gap" time="0.015" /><testcase classname="tests.storage.test_authority_operational" name="test_terminal_close_snapshot_cannot_be_rewritten_by_a_second_command" time="0.015" /><testcase classname="tests.storage.test_authority_operational" name="test_terminal_ack_rejects_a_missing_proposal_promised_by_final_receipt" time="0.016" /><testcase classname="tests.storage.test_authority_operational" name="test_terminal_close_accepts_only_one_contiguous_current_cycle_and_matching_update" time="0.023" /><testcase classname="tests.storage.test_authority_operational" name="test_scheduler_operator_request_is_expected_state_cas_and_audited" time="0.016" /><testcase classname="tests.storage.test_authority_operational" name="test_terminal_ack_can_precede_final_proposal_visibility_and_merge" time="0.023" /><testcase classname="tests.storage.test_authority_operational" name="test_scheduler_uncertainty_deadline_survives_leader_change_and_bounds_resolution" time="0.013" /><testcase classname="tests.storage.test_authority_operational" name="test_immutable_audit_batch_precedes_exact_history_prune_and_preserves_rollup" time="0.038" /><testcase classname="tests.storage.test_authority_operational" name="test_online_archive_retains_each_current_receipt_until_terminal_ack" time="0.040" /><testcase classname="tests.storage.test_authority_operational" name="test_audit_archive_never_prunes_latest_version_or_blocks_next_commit" time="0.033" /><testcase classname="tests.storage.test_authority_operational" name="test_active_leader_compacts_audit_batches_before_exact_source_gc" time="0.036" /><testcase classname="tests.storage.test_authority_operational" name="test_fenced_maintenance_archives_history_and_successor_reclaims_artifact_gc" time="0.038" /><testcase classname="tests.storage.test_authority_operational" name="test_artifact_gc_refuses_symlinked_or_identity_changed_objects" time="0.001" /><testcase classname="tests.storage.test_contributor_progress" name="test_contributor_progress_advances_only_contiguous_receipt_chain" time="0.012" /><testcase classname="tests.storage.test_contributor_progress" name="test_contributor_progress_rejects_sequence_hole_and_cursor_mismatch" time="0.011" /><testcase classname="tests.storage.test_launch_authorization" name="test_bootstrap_slot_is_one_use_and_replacement_requires_exact_qsub_job" time="0.014" /><testcase classname="tests.storage.test_launch_authorization" name="test_admission_requires_one_explicit_authorization_source" time="0.009" /><testcase classname="tests.storage.test_launch_authorization" name="test_stream_cannot_hold_two_unreleased_launch_reservations" time="0.011" /><testcase classname="tests.storage.test_launch_authorization" name="test_launch_capacity_observation_survives_hot_history_retention" time="0.011" /><testcase classname="tests.storage.test_leader_authority_commands" name="test_genesis_uses_fenced_publication_chain_and_commit_is_idempotent" time="0.012" /><testcase classname="tests.storage.test_leader_authority_commands" name="test_command_id_replay_with_different_request_fails_closed" time="0.010" /><testcase classname="tests.storage.test_leader_authority_commands" name="test_stale_token_cannot_execute_a_named_business_command" time="0.010" /><testcase classname="tests.storage.test_leader_authority_commands" name="test_authority_surface_does_not_offer_direct_sql_or_raw_connection" time="0.008" /><testcase classname="tests.storage.test_leader_authority_commands" name="test_global_version_target_cannot_skip_or_duplicate" time="0.012" /><testcase classname="tests.storage.test_leader_authority_commands" name="test_typed_receipt_proposal_selection_and_successor_commit_flow" time="0.021" /><testcase classname="tests.storage.test_leader_authority_commands" name="test_commit_fault_boundaries_roll_back_and_exact_retry[version_insert-v0-0]" time="0.014" /><testcase classname="tests.storage.test_leader_authority_commands" name="test_commit_fault_boundaries_roll_back_and_exact_retry[version_insert-v0-1]" time="0.014" /><testcase classname="tests.storage.test_leader_authority_commands" name="test_commit_fault_boundaries_roll_back_and_exact_retry[version_insert-v0-2]" time="0.014" /><testcase classname="tests.storage.test_leader_authority_commands" name="test_commit_fault_boundaries_roll_back_and_exact_retry[version_insert-v0-3]" time="0.014" /><testcase classname="tests.storage.test_leader_authority_commands" name="test_commit_fault_boundaries_roll_back_and_exact_retry[version_insert-v0-4]" time="0.014" /><testcase classname="tests.storage.test_leader_authority_commands" name="test_commit_fault_boundaries_roll_back_and_exact_retry[version_insert-v0-5]" time="0.014" /><testcase classname="tests.storage.test_leader_authority_commands" name="test_commit_fault_boundaries_roll_back_and_exact_retry[version_insert-v0-6]" time="0.013" /><testcase classname="tests.storage.test_leader_authority_commands" name="test_commit_fault_boundaries_roll_back_and_exact_retry[version_insert-v0-7]" time="0.014" /><testcase classname="tests.storage.test_leader_authority_commands" name="test_commit_fault_boundaries_roll_back_and_exact_retry[version_insert-v0-8]" time="0.014" /><testcase classname="tests.storage.test_leader_authority_commands" name="test_commit_fault_boundaries_roll_back_and_exact_retry[version_insert-v0-9]" time="0.013" /><testcase classname="tests.storage.test_leader_authority_commands" name="test_commit_fault_boundaries_roll_back_and_exact_retry[version_insert-merge-0]" time="0.022" /><testcase classname="tests.storage.test_leader_authority_commands" name="test_commit_fault_boundaries_roll_back_and_exact_retry[version_insert-merge-1]" time="0.022" /><testcase classname="tests.storage.test_leader_authority_commands" name="test_commit_fault_boundaries_roll_back_and_exact_retry[version_insert-merge-2]" time="0.023" /><testcase classname="tests.storage.test_leader_authority_commands" name="test_commit_fault_boundaries_roll_back_and_exact_retry[version_insert-merge-3]" time="0.023" /><testcase classname="tests.storage.test_leader_authority_commands" name="test_commit_fault_boundaries_roll_back_and_exact_retry[version_insert-merge-4]" time="0.022" /><testcase classname="tests.storage.test_leader_authority_commands" name="test_commit_fault_boundaries_roll_back_and_exact_retry[version_insert-merge-5]" time="0.022" /><testcase classname="tests.storage.test_leader_authority_commands" name="test_commit_fault_boundaries_roll_back_and_exact_retry[version_insert-merge-6]" time="0.022" /><testcase classname="tests.storage.test_leader_authority_commands" name="test_commit_fault_boundaries_roll_back_and_exact_retry[version_insert-merge-7]" time="0.022" /><testcase classname="tests.storage.test_leader_authority_commands" name="test_commit_fault_boundaries_roll_back_and_exact_retry[version_insert-merge-8]" time="0.022" /><testcase classname="tests.storage.test_leader_authority_commands" name="test_commit_fault_boundaries_roll_back_and_exact_retry[version_insert-merge-9]" time="0.022" /><testcase classname="tests.storage.test_leader_authority_commands" name="test_commit_fault_boundaries_roll_back_and_exact_retry[proposal_transition-merge-0]" time="0.023" /><testcase classname="tests.storage.test_leader_authority_commands" name="test_commit_fault_boundaries_roll_back_and_exact_retry[proposal_transition-merge-1]" time="0.022" /><testcase classname="tests.storage.test_leader_authority_commands" name="test_commit_fault_boundaries_roll_back_and_exact_retry[proposal_transition-merge-2]" time="0.023" /><testcase classname="tests.storage.test_leader_authority_commands" name="test_commit_fault_boundaries_roll_back_and_exact_retry[proposal_transition-merge-3]" time="0.022" /><testcase classname="tests.storage.test_leader_authority_commands" name="test_commit_fault_boundaries_roll_back_and_exact_retry[proposal_transition-merge-4]" time="0.023" /><testcase classname="tests.storage.test_leader_authority_commands" name="test_commit_fault_boundaries_roll_back_and_exact_retry[proposal_transition-merge-5]" time="0.022" /><testcase classname="tests.storage.test_leader_authority_commands" name="test_commit_fault_boundaries_roll_back_and_exact_retry[proposal_transition-merge-6]" time="0.023" /><testcase classname="tests.storage.test_leader_authority_commands" name="test_commit_fault_boundaries_roll_back_and_exact_retry[proposal_transition-merge-7]" time="0.022" /><testcase classname="tests.storage.test_leader_authority_commands" name="test_commit_fault_boundaries_roll_back_and_exact_retry[proposal_transition-merge-8]" time="0.022" /><testcase classname="tests.storage.test_leader_authority_commands" name="test_commit_fault_boundaries_roll_back_and_exact_retry[proposal_transition-merge-9]" time="0.022" /><testcase classname="tests.storage.test_leader_authority_commands" name="test_commit_fault_boundaries_roll_back_and_exact_retry[db_commit-v0-0]" time="0.014" /><testcase classname="tests.storage.test_leader_authority_commands" name="test_commit_fault_boundaries_roll_back_and_exact_retry[db_commit-v0-1]" time="0.014" /><testcase classname="tests.storage.test_leader_authority_commands" name="test_commit_fault_boundaries_roll_back_and_exact_retry[db_commit-v0-2]" time="0.014" /><testcase classname="tests.storage.test_leader_authority_commands" name="test_commit_fault_boundaries_roll_back_and_exact_retry[db_commit-v0-3]" time="0.014" /><testcase classname="tests.storage.test_leader_authority_commands" name="test_commit_fault_boundaries_roll_back_and_exact_retry[db_commit-v0-4]" time="0.013" /><testcase classname="tests.storage.test_leader_authority_commands" name="test_commit_fault_boundaries_roll_back_and_exact_retry[db_commit-v0-5]" time="0.014" /><testcase classname="tests.storage.test_leader_authority_commands" name="test_commit_fault_boundaries_roll_back_and_exact_retry[db_commit-v0-6]" time="0.014" /><testcase classname="tests.storage.test_leader_authority_commands" name="test_commit_fault_boundaries_roll_back_and_exact_retry[db_commit-v0-7]" time="0.014" /><testcase classname="tests.storage.test_leader_authority_commands" name="test_commit_fault_boundaries_roll_back_and_exact_retry[db_commit-v0-8]" time="0.014" /><testcase classname="tests.storage.test_leader_authority_commands" name="test_commit_fault_boundaries_roll_back_and_exact_retry[db_commit-v0-9]" time="0.014" /><testcase classname="tests.storage.test_leader_authority_commands" name="test_commit_fault_boundaries_roll_back_and_exact_retry[db_commit-merge-0]" time="0.023" /><testcase classname="tests.storage.test_leader_authority_commands" name="test_commit_fault_boundaries_roll_back_and_exact_retry[db_commit-merge-1]" time="0.023" /><testcase classname="tests.storage.test_leader_authority_commands" name="test_commit_fault_boundaries_roll_back_and_exact_retry[db_commit-merge-2]" time="0.023" /><testcase classname="tests.storage.test_leader_authority_commands" name="test_commit_fault_boundaries_roll_back_and_exact_retry[db_commit-merge-3]" time="0.022" /><testcase classname="tests.storage.test_leader_authority_commands" name="test_commit_fault_boundaries_roll_back_and_exact_retry[db_commit-merge-4]" time="0.023" /><testcase classname="tests.storage.test_leader_authority_commands" name="test_commit_fault_boundaries_roll_back_and_exact_retry[db_commit-merge-5]" time="0.023" /><testcase classname="tests.storage.test_leader_authority_commands" name="test_commit_fault_boundaries_roll_back_and_exact_retry[db_commit-merge-6]" time="0.022" /><testcase classname="tests.storage.test_leader_authority_commands" name="test_commit_fault_boundaries_roll_back_and_exact_retry[db_commit-merge-7]" time="0.023" /><testcase classname="tests.storage.test_leader_authority_commands" name="test_commit_fault_boundaries_roll_back_and_exact_retry[db_commit-merge-8]" time="0.023" /><testcase classname="tests.storage.test_leader_authority_commands" name="test_commit_fault_boundaries_roll_back_and_exact_retry[db_commit-merge-9]" time="0.022" /><testcase classname="tests.storage.test_leader_authority_commands" name="test_proposal_must_match_every_shared_receipt_field[changes0]" time="0.013" /><testcase classname="tests.storage.test_leader_authority_commands" name="test_proposal_must_match_every_shared_receipt_field[changes1]" time="0.013" /><testcase classname="tests.storage.test_leader_authority_commands" name="test_proposal_must_match_every_shared_receipt_field[changes2]" time="0.013" /><testcase classname="tests.storage.test_leader_authority_commands" name="test_proposal_must_match_every_shared_receipt_field[changes3]" time="0.013" /><testcase classname="tests.storage.test_leader_authority_commands" name="test_newer_accepted_proposal_supersedes_old_pending_after_insert" time="0.016" /><testcase classname="tests.storage.test_leader_authority_commands" name="test_overlong_command_id_fails_before_mutation" time="0.008" /><testcase classname="tests.storage.test_object_store" name="test_verified_payload_requires_regular_nonsymlink_identity_bound_file" time="0.001" /><testcase classname="tests.storage.test_object_store" name="test_payload_symlink_and_parent_symlink_fail_closed" time="0.001" /><testcase classname="tests.storage.test_object_store" name="test_payload_missing_size_and_digest_results_are_typed" time="0.001" /><testcase classname="tests.storage.test_object_store" name="test_payload_digest_tensor_schema_and_nonfinite_values_fail_closed" time="0.003" /><testcase classname="tests.storage.test_object_store" name="test_bfloat16_finite_scan_rejects_nan_without_scalar_python_iteration" time="0.003" /><testcase classname="tests.storage.test_object_store" name="test_payload_rename_race_fails_identity_check" time="0.001" /><testcase classname="tests.storage.test_object_store" name="test_payload_mutation_during_schema_inspection_fails_identity_check" time="0.002" /><testcase classname="tests.storage.test_object_store" name="test_regular_file_to_fifo_race_is_nonblocking_and_fails_closed" time="0.001" /><testcase classname="tests.storage.test_object_store" name="test_open_errno_is_classified_without_collapsing_transient_io[2-not_found]" time="0.001" /><testcase classname="tests.storage.test_object_store" name="test_open_errno_is_classified_without_collapsing_transient_io[116-transient_io]" time="0.001" /><testcase classname="tests.storage.test_object_store" name="test_open_errno_is_classified_without_collapsing_transient_io[5-transient_io]" time="0.001" /><testcase classname="tests.storage.test_proposal_adjudication" name="test_replay_collision_and_logical_conflict_are_explicit_and_audited" time="0.022" /><testcase classname="tests.storage.test_proposal_adjudication" name="test_conflict_cannot_cross_receipt_gap_and_command_replay_needs_no_object" time="0.015" /><testcase classname="tests.storage.test_proposal_adjudication" name="test_quarantine_hot_rows_are_bounded_for_distinct_conflicts" time="0.125" /><testcase classname="tests.storage.test_proposal_adjudication" name="test_insert_supersede_and_frontier_failures_roll_back_as_one_unit" time="0.029" /><testcase classname="tests.storage.test_proposal_adjudication" name="test_frontier_foreign_key_and_active_proposal_bound" time="0.026" /><testcase classname="tests.storage.test_publication" name="test_immutable_publication_is_create_no_replace_and_exact_replay_is_idempotent" time="0.003" /><testcase classname="tests.storage.test_publication" name="test_concurrent_immutable_publishers_never_overwrite_the_winner" time="0.006" /><testcase classname="tests.storage.test_publication" name="test_immutable_publication_crash_boundaries_replay_exactly[temporary_fsync-tensor-0]" time="0.002" /><testcase classname="tests.storage.test_publication" name="test_immutable_publication_crash_boundaries_replay_exactly[temporary_fsync-tensor-1]" time="0.002" /><testcase classname="tests.storage.test_publication" name="test_immutable_publication_crash_boundaries_replay_exactly[temporary_fsync-tensor-2]" time="0.002" /><testcase classname="tests.storage.test_publication" name="test_immutable_publication_crash_boundaries_replay_exactly[temporary_fsync-tensor-3]" time="0.002" /><testcase classname="tests.storage.test_publication" name="test_immutable_publication_crash_boundaries_replay_exactly[temporary_fsync-tensor-4]" time="0.002" /><testcase classname="tests.storage.test_publication" name="test_immutable_publication_crash_boundaries_replay_exactly[temporary_fsync-tensor-5]" time="0.002" /><testcase classname="tests.storage.test_publication" name="test_immutable_publication_crash_boundaries_replay_exactly[temporary_fsync-tensor-6]" time="0.002" /><testcase classname="tests.storage.test_publication" name="test_immutable_publication_crash_boundaries_replay_exactly[temporary_fsync-tensor-7]" time="0.002" /><testcase classname="tests.storage.test_publication" name="test_immutable_publication_crash_boundaries_replay_exactly[temporary_fsync-tensor-8]" time="0.002" /><testcase classname="tests.storage.test_publication" name="test_immutable_publication_crash_boundaries_replay_exactly[temporary_fsync-tensor-9]" time="0.002" /><testcase classname="tests.storage.test_publication" name="test_immutable_publication_crash_boundaries_replay_exactly[temporary_fsync-proposal_metadata-0]" time="0.002" /><testcase classname="tests.storage.test_publication" name="test_immutable_publication_crash_boundaries_replay_exactly[temporary_fsync-proposal_metadata-1]" time="0.002" /><testcase classname="tests.storage.test_publication" name="test_immutable_publication_crash_boundaries_replay_exactly[temporary_fsync-proposal_metadata-2]" time="0.002" /><testcase classname="tests.storage.test_publication" name="test_immutable_publication_crash_boundaries_replay_exactly[temporary_fsync-proposal_metadata-3]" time="0.002" /><testcase classname="tests.storage.test_publication" name="test_immutable_publication_crash_boundaries_replay_exactly[temporary_fsync-proposal_metadata-4]" time="0.002" /><testcase classname="tests.storage.test_publication" name="test_immutable_publication_crash_boundaries_replay_exactly[temporary_fsync-proposal_metadata-5]" time="0.002" /><testcase classname="tests.storage.test_publication" name="test_immutable_publication_crash_boundaries_replay_exactly[temporary_fsync-proposal_metadata-6]" time="0.002" /><testcase classname="tests.storage.test_publication" name="test_immutable_publication_crash_boundaries_replay_exactly[temporary_fsync-proposal_metadata-7]" time="0.002" /><testcase classname="tests.storage.test_publication" name="test_immutable_publication_crash_boundaries_replay_exactly[temporary_fsync-proposal_metadata-8]" time="0.002" /><testcase classname="tests.storage.test_publication" name="test_immutable_publication_crash_boundaries_replay_exactly[temporary_fsync-proposal_metadata-9]" time="0.002" /><testcase classname="tests.storage.test_publication" name="test_immutable_publication_crash_boundaries_replay_exactly[create-tensor-0]" time="0.002" /><testcase classname="tests.storage.test_publication" name="test_immutable_publication_crash_boundaries_replay_exactly[create-tensor-1]" time="0.002" /><testcase classname="tests.storage.test_publication" name="test_immutable_publication_crash_boundaries_replay_exactly[create-tensor-2]" time="0.002" /><testcase classname="tests.storage.test_publication" name="test_immutable_publication_crash_boundaries_replay_exactly[create-tensor-3]" time="0.002" /><testcase classname="tests.storage.test_publication" name="test_immutable_publication_crash_boundaries_replay_exactly[create-tensor-4]" time="0.002" /><testcase classname="tests.storage.test_publication" name="test_immutable_publication_crash_boundaries_replay_exactly[create-tensor-5]" time="0.002" /><testcase classname="tests.storage.test_publication" name="test_immutable_publication_crash_boundaries_replay_exactly[create-tensor-6]" time="0.002" /><testcase classname="tests.storage.test_publication" name="test_immutable_publication_crash_boundaries_replay_exactly[create-tensor-7]" time="0.002" /><testcase classname="tests.storage.test_publication" name="test_immutable_publication_crash_boundaries_replay_exactly[create-tensor-8]" time="0.002" /><testcase classname="tests.storage.test_publication" name="test_immutable_publication_crash_boundaries_replay_exactly[create-tensor-9]" time="0.002" /><testcase classname="tests.storage.test_publication" name="test_immutable_publication_crash_boundaries_replay_exactly[create-proposal_metadata-0]" time="0.002" /><testcase classname="tests.storage.test_publication" name="test_immutable_publication_crash_boundaries_replay_exactly[create-proposal_metadata-1]" time="0.002" /><testcase classname="tests.storage.test_publication" name="test_immutable_publication_crash_boundaries_replay_exactly[create-proposal_metadata-2]" time="0.002" /><testcase classname="tests.storage.test_publication" name="test_immutable_publication_crash_boundaries_replay_exactly[create-proposal_metadata-3]" time="0.002" /><testcase classname="tests.storage.test_publication" name="test_immutable_publication_crash_boundaries_replay_exactly[create-proposal_metadata-4]" time="0.002" /><testcase classname="tests.storage.test_publication" name="test_immutable_publication_crash_boundaries_replay_exactly[create-proposal_metadata-5]" time="0.002" /><testcase classname="tests.storage.test_publication" name="test_immutable_publication_crash_boundaries_replay_exactly[create-proposal_metadata-6]" time="0.002" /><testcase classname="tests.storage.test_publication" name="test_immutable_publication_crash_boundaries_replay_exactly[create-proposal_metadata-7]" time="0.002" /><testcase classname="tests.storage.test_publication" name="test_immutable_publication_crash_boundaries_replay_exactly[create-proposal_metadata-8]" time="0.002" /><testcase classname="tests.storage.test_publication" name="test_immutable_publication_crash_boundaries_replay_exactly[create-proposal_metadata-9]" time="0.002" /><testcase classname="tests.storage.test_publication" name="test_prepared_intent_precedes_io_and_commit_verifies_exact_theta_pair" time="0.012" /><testcase classname="tests.storage.test_publication" name="test_mismatched_theta_identity_never_commits" time="0.012" /><testcase classname="tests.storage.test_publication" name="test_takeover_reconciles_predecessor_intent_and_orphan_grace_is_lease_safe" time="0.013" /><testcase classname="tests.storage.test_publication" name="test_publication_crash_prefix_is_reconciled_idempotently[before_prepare-0]" time="0.009" /><testcase classname="tests.storage.test_publication" name="test_publication_crash_prefix_is_reconciled_idempotently[before_prepare-1]" time="0.009" /><testcase classname="tests.storage.test_publication" name="test_publication_crash_prefix_is_reconciled_idempotently[before_prepare-2]" time="0.009" /><testcase classname="tests.storage.test_publication" name="test_publication_crash_prefix_is_reconciled_idempotently[before_prepare-3]" time="0.009" /><testcase classname="tests.storage.test_publication" name="test_publication_crash_prefix_is_reconciled_idempotently[before_prepare-4]" time="0.009" /><testcase classname="tests.storage.test_publication" name="test_publication_crash_prefix_is_reconciled_idempotently[before_prepare-5]" time="0.009" /><testcase classname="tests.storage.test_publication" name="test_publication_crash_prefix_is_reconciled_idempotently[before_prepare-6]" time="0.009" /><testcase classname="tests.storage.test_publication" name="test_publication_crash_prefix_is_reconciled_idempotently[before_prepare-7]" time="0.009" /><testcase classname="tests.storage.test_publication" name="test_publication_crash_prefix_is_reconciled_idempotently[before_prepare-8]" time="0.009" /><testcase classname="tests.storage.test_publication" name="test_publication_crash_prefix_is_reconciled_idempotently[before_prepare-9]" time="0.009" /><testcase classname="tests.storage.test_publication" name="test_publication_crash_prefix_is_reconciled_idempotently[after_prepare-0]" time="0.010" /><testcase classname="tests.storage.test_publication" name="test_publication_crash_prefix_is_reconciled_idempotently[after_prepare-1]" time="0.009" /><testcase classname="tests.storage.test_publication" name="test_publication_crash_prefix_is_reconciled_idempotently[after_prepare-2]" time="0.009" /><testcase classname="tests.storage.test_publication" name="test_publication_crash_prefix_is_reconciled_idempotently[after_prepare-3]" time="0.009" /><testcase classname="tests.storage.test_publication" name="test_publication_crash_prefix_is_reconciled_idempotently[after_prepare-4]" time="0.009" /><testcase classname="tests.storage.test_publication" name="test_publication_crash_prefix_is_reconciled_idempotently[after_prepare-5]" time="0.009" /><testcase classname="tests.storage.test_publication" name="test_publication_crash_prefix_is_reconciled_idempotently[after_prepare-6]" time="0.009" /><testcase classname="tests.storage.test_publication" name="test_publication_crash_prefix_is_reconciled_idempotently[after_prepare-7]" time="0.010" /><testcase classname="tests.storage.test_publication" name="test_publication_crash_prefix_is_reconciled_idempotently[after_prepare-8]" time="0.010" /><testcase classname="tests.storage.test_publication" name="test_publication_crash_prefix_is_reconciled_idempotently[after_prepare-9]" time="0.009" /><testcase classname="tests.storage.test_publication" name="test_publication_crash_prefix_is_reconciled_idempotently[after_weight-0]" time="0.010" /><testcase classname="tests.storage.test_publication" name="test_publication_crash_prefix_is_reconciled_idempotently[after_weight-1]" time="0.010" /><testcase classname="tests.storage.test_publication" name="test_publication_crash_prefix_is_reconciled_idempotently[after_weight-2]" time="0.011" /><testcase classname="tests.storage.test_publication" name="test_publication_crash_prefix_is_reconciled_idempotently[after_weight-3]" time="0.011" /><testcase classname="tests.storage.test_publication" name="test_publication_crash_prefix_is_reconciled_idempotently[after_weight-4]" time="0.011" /><testcase classname="tests.storage.test_publication" name="test_publication_crash_prefix_is_reconciled_idempotently[after_weight-5]" time="0.010" /><testcase classname="tests.storage.test_publication" name="test_publication_crash_prefix_is_reconciled_idempotently[after_weight-6]" time="0.011" /><testcase classname="tests.storage.test_publication" name="test_publication_crash_prefix_is_reconciled_idempotently[after_weight-7]" time="0.010" /><testcase classname="tests.storage.test_publication" name="test_publication_crash_prefix_is_reconciled_idempotently[after_weight-8]" time="0.010" /><testcase classname="tests.storage.test_publication" name="test_publication_crash_prefix_is_reconciled_idempotently[after_weight-9]" time="0.010" /><testcase classname="tests.storage.test_publication" name="test_publication_crash_prefix_is_reconciled_idempotently[after_outer-0]" time="0.012" /><testcase classname="tests.storage.test_publication" name="test_publication_crash_prefix_is_reconciled_idempotently[after_outer-1]" time="0.012" /><testcase classname="tests.storage.test_publication" name="test_publication_crash_prefix_is_reconciled_idempotently[after_outer-2]" time="0.012" /><testcase classname="tests.storage.test_publication" name="test_publication_crash_prefix_is_reconciled_idempotently[after_outer-3]" time="0.012" /><testcase classname="tests.storage.test_publication" name="test_publication_crash_prefix_is_reconciled_idempotently[after_outer-4]" time="0.012" /><testcase classname="tests.storage.test_publication" name="test_publication_crash_prefix_is_reconciled_idempotently[after_outer-5]" time="0.012" /><testcase classname="tests.storage.test_publication" name="test_publication_crash_prefix_is_reconciled_idempotently[after_outer-6]" time="0.012" /><testcase classname="tests.storage.test_publication" name="test_publication_crash_prefix_is_reconciled_idempotently[after_outer-7]" time="0.012" /><testcase classname="tests.storage.test_publication" name="test_publication_crash_prefix_is_reconciled_idempotently[after_outer-8]" time="0.012" /><testcase classname="tests.storage.test_publication" name="test_publication_crash_prefix_is_reconciled_idempotently[after_outer-9]" time="0.012" /><testcase classname="tests.storage.test_publication" name="test_publication_crash_prefix_is_reconciled_idempotently[after_commit-0]" time="0.012" /><testcase classname="tests.storage.test_publication" name="test_publication_crash_prefix_is_reconciled_idempotently[after_commit-1]" time="0.012" /><testcase classname="tests.storage.test_publication" name="test_publication_crash_prefix_is_reconciled_idempotently[after_commit-2]" time="0.012" /><testcase classname="tests.storage.test_publication" name="test_publication_crash_prefix_is_reconciled_idempotently[after_commit-3]" time="0.012" /><testcase classname="tests.storage.test_publication" name="test_publication_crash_prefix_is_reconciled_idempotently[after_commit-4]" time="0.012" /><testcase classname="tests.storage.test_publication" name="test_publication_crash_prefix_is_reconciled_idempotently[after_commit-5]" time="0.012" /><testcase classname="tests.storage.test_publication" name="test_publication_crash_prefix_is_reconciled_idempotently[after_commit-6]" time="0.012" /><testcase classname="tests.storage.test_publication" name="test_publication_crash_prefix_is_reconciled_idempotently[after_commit-7]" time="0.012" /><testcase classname="tests.storage.test_publication" name="test_publication_crash_prefix_is_reconciled_idempotently[after_commit-8]" time="0.012" /><testcase classname="tests.storage.test_publication" name="test_publication_crash_prefix_is_reconciled_idempotently[after_commit-9]" time="0.012" /><testcase classname="tests.storage.test_run_initializer" name="test_each_precomplete_crash_prefix_is_invisible_and_same_staging_retry_recovers[after_identity_reservation]" time="0.047" /><testcase classname="tests.storage.test_run_initializer" name="test_each_precomplete_crash_prefix_is_invisible_and_same_staging_retry_recovers[after_final_mkdir]" time="0.046" /><testcase classname="tests.storage.test_run_initializer" name="test_each_precomplete_crash_prefix_is_invisible_and_same_staging_retry_recovers[after_final_identity]" time="0.046" /><testcase classname="tests.storage.test_run_initializer" name="test_each_precomplete_crash_prefix_is_invisible_and_same_staging_retry_recovers[after_object_link:0]" time="0.047" /><testcase classname="tests.storage.test_run_initializer" name="test_each_precomplete_crash_prefix_is_invisible_and_same_staging_retry_recovers[before_complete_marker]" time="0.053" /><testcase classname="tests.storage.test_run_initializer" name="test_crash_after_complete_is_visible_and_retry_removes_staging_directory" time="0.045" /><testcase classname="tests.storage.test_run_initializer" name="test_fresh_initialization_is_not_reported_as_recovery" time="0.034" /><testcase classname="tests.storage.test_run_initializer" name="test_retry_and_completed_replay_bind_the_entire_resolved_config_identity" time="0.067" /><testcase classname="tests.storage.test_run_initializer" name="test_descriptor_validation_is_bounded_and_accepts_runtime_control_publications" time="0.042" /><testcase classname="tests.storage.test_run_initializer" name="test_completed_descriptor_rejects_legacy_identity_field" time="0.041" /><testcase classname="tests.storage.test_run_initializer" name="test_staged_retry_rejects_legacy_identity_field" time="0.027" /><testcase classname="tests.storage.test_run_initializer" name="test_every_manifest_object_link_fault_is_invisible_and_retryable" time="0.416" /><testcase classname="tests.storage.test_run_initializer" name="test_every_initializer_directory_fsync_failure_is_retryable" time="0.788" /><testcase classname="tests.storage.test_run_initializer" name="test_different_inode_staging_cannot_take_an_existing_identity_reservation" time="0.024" /><testcase classname="tests.storage.test_run_initializer" name="test_completed_run_reservation_repair_requires_explicit_full_self_check" time="0.043" /><testcase classname="tests.storage.test_run_initializer" name="test_reservation_repair_rejects_protocol_external_entry" time="0.039" /><testcase classname="tests.storage.test_run_initializer" name="test_existing_final_race_releases_new_reservation_before_fault_hook" time="0.001" /><testcase classname="tests.storage.test_run_initializer" name="test_broken_symlink_final_collision_releases_new_reservation" time="0.001" /><testcase classname="tests.storage.test_run_initializer" name="test_retry_rejects_symlinked_manifest_directory_without_writing_outside" time="0.028" /><testcase classname="tests.storage.test_run_initializer" name="test_retry_rejects_changed_staging_object_before_complete" time="0.029" /><testcase classname="tests.storage.test_run_initializer" name="test_reservation_repair_reopens_and_integrity_checks_mutable_authority_db" time="0.036" /><testcase classname="tests.storage.test_run_initializer" name="test_actor_attestation_is_immutable_and_attempt_scoped" time="0.043" /><testcase classname="tests.storage.test_run_initializer" name="test_actor_attestation_requires_explicit_runtime_resource_evidence" time="0.041" /><testcase classname="tests.storage.test_schema" name="test_fresh_schema_initializes_reopens_and_is_integral" time="0.013" /><testcase classname="tests.storage.test_schema" name="test_fresh_schema_rejects_broken_symlink_collisions_without_partial_publish[database]" time="0.001" /><testcase classname="tests.storage.test_schema" name="test_fresh_schema_rejects_broken_symlink_collisions_without_partial_publish[marker]" time="0.001" /><testcase classname="tests.storage.test_schema" name="test_open_rejects_membership_and_run_identity_mismatch" time="0.011" /><testcase classname="tests.storage.test_schema" name="test_query_reader_rejects_symlinked_authority_identity_files" time="0.007" /><testcase classname="tests.storage.test_schema" name="test_noncurrent_authority_schema_revision_fails_with_explicit_diagnostic" time="0.008" /><testcase classname="tests.storage.test_schema" name="test_open_detects_out_of_band_ddl_even_when_metadata_hash_is_unchanged" time="0.009" /><testcase classname="tests.storage.test_schema" name="test_stream_pool_is_initialized_by_explicit_fenced_command" time="0.009" /><testcase classname="tests.storage.test_schema" name="test_open_verifies_configured_busy_timeout" time="0.008" /><testcase classname="tests.storage.test_state_machine" name="test_visibility_state_machine_is_bounded_and_terminal_is_sticky" time="0.428" /><testcase classname="tests.storage.test_state_machine" name="test_proposal_state_machine_keeps_one_pending_and_monotonic_frontier" time="0.358" /><testcase classname="tests.storage.test_state_machine" name="test_membership_state_machine_has_one_current_incarnation" time="0.222" /><testcase classname="tests.storage.test_terminal_request" name="test_manual_terminal_request_is_immutable_identity_bound_and_replayable" time="0.002" /><testcase classname="tests.storage.test_terminal_request" name="test_manual_terminal_request_rejects_control_characters" time="0.001" /><testcase classname="tests.storage.test_visibility" name="test_not_found_requires_three_stable_observations_and_grace" time="0.014" /><testcase classname="tests.storage.test_visibility" name="test_malformed_requires_same_fingerprint_twice_across_grace" time="0.014" /><testcase classname="tests.storage.test_visibility" name="test_transient_recovery_never_drops_and_deadline_enters_manual_review" time="0.015" /><testcase classname="tests.storage.test_visibility" name="test_identity_mismatch_is_immediate_fail_closed_without_unlink" time="0.012" /><testcase classname="tests.storage.test_visibility" name="test_visibility_upsert_and_pointer_archive_are_bounded" time="0.086" /><testcase classname="tests.storage.test_visibility" name="test_visibility_requires_receipt_and_pointer_sequence_collision_fails_closed" time="0.015" /><testcase classname="tests.test_adoption_strategy" name="test_strategy_factory_dispatches[replace-ReplaceGlobalAdoptionStrategy]" time="0.002" /><testcase classname="tests.test_adoption_strategy" name="test_strategy_factory_dispatches[rebase_post_publish_delta-RebaseGlobalAdoptionStrategy]" time="0.002" /><testcase classname="tests.test_adoption_strategy" name="test_strategy_factory_dispatches[predict_post_publish_global-PredictGlobalAdoptionStrategy]" time="0.002" /><testcase classname="tests.test_adoption_strategy" name="test_strategy_factory_rejects_unknown_name" time="0.002" /><testcase classname="tests.test_adoption_strategy" name="test_replace_returns_reset_adoption_outcome" time="0.003" /><testcase classname="tests.test_adoption_strategy" name="test_joint_horizon_skips_impossible_post_target_latest_wait" time="0.001" /><testcase classname="tests.test_adoption_strategy" name="test_joint_horizon_does_not_start_state_requiring_version_eleven[RebaseGlobalAdoptionStrategy-rebase_post_publish_delta-local_rebase_anchor_skipped_at_global_horizon]" time="0.002" /><testcase classname="tests.test_adoption_strategy" name="test_joint_horizon_does_not_start_state_requiring_version_eleven[PredictGlobalAdoptionStrategy-predict_post_publish_global-global_prediction_start_skipped_at_global_horizon]" time="0.002" /><testcase classname="tests.test_adoption_strategy" name="test_replace_adoption_uses_actual_latest_returned_by_retry_helper" time="0.002" /><testcase classname="tests.test_adoption_strategy" name="test_rebase_context_returns_actual_latest_from_retry_helper" time="0.004" /><testcase classname="tests.test_adoption_strategy" name="test_rebase_strategy_owns_anchor_tokens_and_clears_after_adoption" time="0.002" /><testcase classname="tests.test_adoption_strategy" name="test_prediction_strategy_starts_reconciles_and_abandons_on_stop" time="0.002" /><testcase classname="tests.test_adoption_strategy" name="test_prediction_strategy_timeout_keeps_state_for_diagnostics" time="0.002" /><testcase classname="tests.test_adoption_strategy" name="test_prediction_reconcile_stop_during_wait_abandons_without_timeout" time="0.003" /><testcase classname="tests.test_adoption_strategy" name="test_predict_after_publish_stop_skips_prediction_preparation" time="0.002" /><testcase classname="tests.test_adoption_strategy" name="test_rebase_after_publish_stop_skips_anchor_snapshot" time="0.002" /><testcase classname="tests.test_adoption_strategy" name="test_ha_adoption_ignores_polluted_fixed_stop_without_authoritative_terminal[PredictGlobalAdoptionStrategy-predict_post_publish_global]" time="0.002" /><testcase classname="tests.test_adoption_strategy" name="test_ha_adoption_ignores_polluted_fixed_stop_without_authoritative_terminal[RebaseGlobalAdoptionStrategy-rebase_post_publish_delta]" time="0.002" /><testcase classname="tests.test_adoption_strategy" name="test_stop_does_not_skip_already_visible_direct_adoption[PredictGlobalAdoptionStrategy-predict_post_publish_global]" time="0.002" /><testcase classname="tests.test_adoption_strategy" name="test_stop_does_not_skip_already_visible_direct_adoption[RebaseGlobalAdoptionStrategy-rebase_post_publish_delta]" time="0.002" /><testcase classname="tests.test_atomic_io" name="test_atomic_json_ignores_tmp_until_final" time="0.001" /><testcase classname="tests.test_capture_source_identity" name="test_capture_source_identity_hashes_tracked_and_untracked_runtime_sources" time="0.459" /><testcase classname="tests.test_clean_run" name="test_dry_run_preserves_authority_and_selects_only_policy_owned_redundancy" time="0.007" /><testcase classname="tests.test_clean_run" name="test_execute_rechecks_plan_and_publishes_exact_manifest" time="0.008" /><testcase classname="tests.test_clean_run" name="test_live_authority_reference_blocks_cleanup" time="0.006" /><testcase classname="tests.test_clean_run" name="test_authority_gc_ownership_retains_candidate[pending]" time="0.006" /><testcase classname="tests.test_clean_run" name="test_authority_gc_ownership_retains_candidate[claimed]" time="0.006" /><testcase classname="tests.test_clean_run" name="test_missing_policy_or_nonpass_evidence_fails_closed" time="0.006" /><testcase classname="tests.test_clean_run" name="test_mismatched_evidence_and_broad_run_target_are_rejected" time="0.009" /><testcase classname="tests.test_clean_run" name="test_symlinked_candidate_parent_is_never_followed" time="0.005" /><testcase classname="tests.test_clean_run" name="test_evidence_descriptor_and_terminal_identities_must_match" time="0.006" /><testcase classname="tests.test_clean_run" name="test_terminal_projection_and_cleanup_target_must_match_immutable_evidence" time="0.006" /><testcase classname="tests.test_clean_run" name="test_authority_sidecar_or_symlinked_database_blocks_cleanup" time="0.005" /><testcase classname="tests.test_clean_run" name="test_execute_revalidates_evidence_and_candidate_identity" time="0.011" /><testcase classname="tests.test_clean_run" name="test_execute_never_follows_a_parent_swapped_to_a_symlink" time="0.007" /><testcase classname="tests.test_clean_run" name="test_cli_has_one_explicit_dry_run_and_execute_interface" time="0.011" /><testcase classname="tests.test_config" name="test_repository_configs_use_the_one_strict_schema[gpt2_wikitext2_8l_200x10.yaml]" time="0.011" /><testcase classname="tests.test_config" name="test_repository_configs_use_the_one_strict_schema[gpt2_wikitext2_8l_200x10_fixed.yaml]" time="0.008" /><testcase classname="tests.test_config" name="test_repository_configs_use_the_one_strict_schema[full_protocol.yaml]" time="0.008" /><testcase classname="tests.test_config" name="test_repository_configs_use_the_one_strict_schema[full_protocol_functional.yaml]" time="0.009" /><testcase classname="tests.test_config" name="test_removed_capacity_fields_are_rejected_as_unknown[membership:\n  mode: static\n-membership.mode]" time="0.001" /><testcase classname="tests.test_config" name="test_removed_capacity_fields_are_rejected_as_unknown[sync:\n  num_learners: 4\n-sync.num_learners]" time="0.001" /><testcase classname="tests.test_config" name="test_fixed_stream_pool_is_shared_by_both_capacity_policies[False]" time="0.002" /><testcase classname="tests.test_config" name="test_fixed_stream_pool_is_shared_by_both_capacity_policies[True]" time="0.002" /><testcase classname="tests.test_config" name="test_capacity_target_cannot_exceed_the_fixed_stream_pool" time="0.002" /><testcase classname="tests.test_config" name="test_hub_inputs_require_immutable_commit_revisions[None]" time="0.002" /><testcase classname="tests.test_config" name="test_hub_inputs_require_immutable_commit_revisions[main]" time="0.002" /><testcase classname="tests.test_config" name="test_hub_inputs_require_immutable_commit_revisions[v1.0]" time="0.002" /><testcase classname="tests.test_config" name="test_hub_inputs_require_immutable_commit_revisions[AAAAAAAAAAAAAAAAAAAAAAAAAAAAAAAAAAAAAAAA]" time="0.002" /><testcase classname="tests.test_config" name="test_hub_inputs_require_immutable_commit_revisions[aaaaaaaaaaaaaaaaaaaaaaaaaaaaaaaaaaaaaaa]" time="0.002" /><testcase classname="tests.test_config" name="test_hub_inputs_at_immutable_commits_are_valid" time="0.001" /><testcase classname="tests.test_config" name="test_local_inputs_are_rejected_without_content_identity[model-/models/model]" time="0.002" /><testcase classname="tests.test_config" name="test_local_inputs_are_rejected_without_content_identity[model-./models/model]" time="0.001" /><testcase classname="tests.test_config" name="test_local_inputs_are_rejected_without_content_identity[model-../models/model]" time="0.002" /><testcase classname="tests.test_config" name="test_local_inputs_are_rejected_without_content_identity[model-file:///models/model]" time="0.002" /><testcase classname="tests.test_config" name="test_local_inputs_are_rejected_without_content_identity[data-/datasets/data]" time="0.002" /><testcase classname="tests.test_config" name="test_local_inputs_are_rejected_without_content_identity[data-./datasets/data]" time="0.002" /><testcase classname="tests.test_config" name="test_local_inputs_are_rejected_without_content_identity[data-../datasets/data]" time="0.002" /><testcase classname="tests.test_config" name="test_local_inputs_are_rejected_without_content_identity[data-file:///datasets/data]" time="0.002" /><testcase classname="tests.test_config" name="test_unknown_top_level_keys_are_rejected" time="0.001" /><testcase classname="tests.test_config" name="test_config_rejects_invalid_current_types_and_identities[config_schema_version: true\n-config_schema_version must be an integer]" time="0.001" /><testcase classname="tests.test_config" name="test_config_rejects_invalid_current_types_and_identities[sync:\n  scan_interval_seconds: '0.5'\n-scan_interval_seconds must be a number]" time="0.002" /><testcase classname="tests.test_config" name="test_config_rejects_invalid_current_types_and_identities[run:\n  name: invalid/name\n-run.name must be a safe]" time="0.002" /><testcase classname="tests.test_config" name="test_config_rejects_invalid_current_types_and_identities[run:\n  source_fingerprint: sha256:short\n-run.source_fingerprint must be a sha256 digest]" time="0.002" /><testcase classname="tests.test_config" name="test_direct_weight_stop_round_trips_through_the_only_config_type" time="0.008" /><testcase classname="tests.test_config" name="test_local_and_global_completion_requires_two_exact_horizons[None-10-requires training.max_local_steps]" time="0.002" /><testcase classname="tests.test_config" name="test_local_and_global_completion_requires_two_exact_horizons[1999-10-whole inner cycles]" time="0.002" /><testcase classname="tests.test_config" name="test_local_and_global_completion_requires_two_exact_horizons[2000-None-requires a global step target]" time="0.002" /><testcase classname="tests.test_config" name="test_resolution_owns_run_identity_and_path_substitution" time="0.006" /><testcase classname="tests.test_config" name="test_leader_timing_constraints_fail_closed[leader0]" time="0.001" /><testcase classname="tests.test_config" name="test_leader_timing_constraints_fail_closed[leader1]" time="0.002" /><testcase classname="tests.test_config" name="test_leader_timing_constraints_fail_closed[leader2]" time="0.002" /><testcase classname="tests.test_config" name="test_leader_timing_constraints_fail_closed[leader3]" time="0.001" /><testcase classname="tests.test_config" name="test_repository_hub_revisions_are_pinned_when_not_synthetic" time="0.020" /><testcase classname="tests.test_data_shuffle" name="test_shuffled_block_stream_is_complete_across_nondivisible_batch_boundaries" time="0.001" /><testcase classname="tests.test_data_shuffle" name="test_shuffled_block_stream_is_deterministic_and_learner_specific" time="0.001" /><testcase classname="tests.test_data_shuffle" name="test_shuffle_disabled_cycles_in_source_order" time="0.001" /><testcase classname="tests.test_hf_revision_pinning" name="test_hf_model_and_tokenizer_load_the_declared_revisions[1111111111111111111111111111111111111111-1111111111111111111111111111111111111111]" time="0.001" /><testcase classname="tests.test_hf_revision_pinning" name="test_hf_model_and_tokenizer_load_the_declared_revisions[None-607a30d783dfa663caf39e06633721c8d4cfcd7e]" time="0.001" /><testcase classname="tests.test_hf_revision_pinning" name="test_hf_dataset_loads_the_declared_repository_and_revision" time="0.001" /><testcase classname="tests.test_hf_revision_pinning" name="test_hf_model_loader_rejects_an_ambiguous_existing_local_reference[False]" time="0.001" /><testcase classname="tests.test_hf_revision_pinning" name="test_hf_model_loader_rejects_an_ambiguous_existing_local_reference[True]" time="0.001" /><testcase classname="tests.test_hf_revision_pinning" name="test_hf_dataset_loader_rejects_an_existing_local_reference" time="0.001" /><testcase classname="tests.test_inner_scheduler" name="test_inner_lr_multiplier_matches_golden_curve[0-0.5]" time="0.001" /><testcase classname="tests.test_inner_scheduler" name="test_inner_lr_multiplier_matches_golden_curve[1-1.0]" time="0.001" /><testcase classname="tests.test_inner_scheduler" name="test_inner_lr_multiplier_matches_golden_curve[2-1.0]" time="0.001" /><testcase classname="tests.test_inner_scheduler" name="test_inner_lr_multiplier_matches_golden_curve[4-0.5]" time="0.001" /><testcase classname="tests.test_inner_scheduler" name="test_inner_lr_multiplier_matches_golden_curve[6-0.1]" time="0.001" /><testcase classname="tests.test_inner_scheduler" name="test_inner_lr_multiplier_matches_golden_curve[7-0.1]" time="0.001" /><testcase classname="tests.test_inner_scheduler" name="test_rebuilding_inner_state_restores_cumulative_scheduler_phase" time="2.802" /><testcase classname="tests.test_inner_scheduler" name="test_completion_mode_does_not_change_scheduler_curve" time="0.001" /><testcase classname="tests.test_inner_scheduler" name="test_cosine_scheduler_requires_independent_horizon" time="0.004" /><testcase classname="tests.test_inner_scheduler" name="test_inner_scheduler_config_rejects_invalid_values[wsd-0-None-0.1-unsupported inner_optimizer.scheduler]" time="0.003" /><testcase classname="tests.test_inner_scheduler" name="test_inner_scheduler_config_rejects_invalid_values[cosine--1-4-0.1-warmup_steps]" time="0.003" /><testcase classname="tests.test_inner_scheduler" name="test_inner_scheduler_config_rejects_invalid_values[cosine-4-4-0.1-scheduler_total_steps]" time="0.003" /><testcase classname="tests.test_inner_scheduler" name="test_inner_scheduler_config_rejects_invalid_values[cosine-1-4-0.0-min_lr_ratio]" time="0.003" /><testcase classname="tests.test_inner_scheduler" name="test_inner_scheduler_config_rejects_invalid_values[cosine-1-4-1.1-min_lr_ratio]" time="0.003" /><testcase classname="tests.test_merge" name="test_token_staleness_weighting_and_average" time="0.003" /><testcase classname="tests.test_outer_optim" name="test_sgd_momentum_step" time="0.003" /><testcase classname="tests.test_outer_optim" name="test_nesterov_step_matches_plan_formula" time="0.001" /><testcase classname="tests.test_outer_optim" name="test_adamw_step_known_vector" time="0.005" /><testcase classname="tests.test_outer_optim" name="test_nesterov_step_preserves_bfloat16_compute_dtype_on_cpu" time="0.004" /><testcase classname="tests.test_param_index_roundtrip" name="test_flatten_load_roundtrip_preserves_values" time="0.003" /><testcase classname="tests.test_param_index_roundtrip" name="test_flatten_dtype_and_norm_without_flattening" time="0.004" /><testcase classname="tests.test_param_index_roundtrip" name="test_synthetic_model_respects_configured_dtype" time="0.001" /><testcase classname="tests.test_summarize_runs" name="test_parse_baseline_extracts_unified_loss_workload_and_timing" time="0.006" /><testcase classname="tests.test_summarize_runs" name="test_parse_full_protocol_uses_terminal_fences_and_exact_merge_counts" time="0.084" /><testcase classname="tests.test_summarize_runs" name="test_parse_full_protocol_includes_maintenance_archives" time="0.009" /><testcase classname="tests.test_summarize_runs" name="test_parse_full_protocol_accepts_one_bounded_hard_crash" time="0.008" /><testcase classname="tests.test_summarize_runs" name="test_csv_update_discovers_both_layouts_and_deduplicates" time="0.015" /><testcase classname="tests.test_summarize_runs" name="test_comparison_flags_twenty_percent_metric_difference" time="0.013" /><testcase classname="tests.test_summarize_runs" name="test_invalid_completed_run_leaves_existing_csv_unchanged" time="0.006" /><testcase classname="tests.test_tensor_codec" name="test_update_vector_bfloat16_storage_loads_as_float32" time="0.004" /><testcase classname="tests.test_tensor_codec" name="test_bfloat16_global_weights_load_directly_into_bfloat16_model" time="0.002" /><testcase classname="tests.tools.test_analysis" name="test_summarize_run_projects_current_read_only_authority" time="0.001" /><testcase classname="tests.tools.test_analysis" name="test_analysis_cli_applies_registered_assertions_before_json_output" time="0.002" /><testcase classname="tests.tools.test_launch_independent_run" name="test_one_command_submission_wrapper_freezes_the_validated_actor_shape" time="0.001" /><testcase classname="tests.tools.test_launch_independent_run" name="test_submission_walltime_is_explicit_and_at_least_ten_minutes[None]" time="0.001" /><testcase classname="tests.tools.test_launch_independent_run" name="test_submission_walltime_is_explicit_and_at_least_ten_minutes[00:09:59]" time="0.001" /><testcase classname="tests.tools.test_launch_independent_run" name="test_submission_walltime_is_explicit_and_at_least_ten_minutes[invalid]" time="0.001" /><testcase classname="tests.tools.test_launch_independent_run" name="test_submission_walltime_is_explicit_and_at_least_ten_minutes[00:00:00]" time="0.001" /><testcase classname="tests.tools.test_launch_independent_run" name="test_submission_queue_is_explicit_and_safe[None]" time="0.001" /><testcase classname="tests.tools.test_launch_independent_run" name="test_submission_queue_is_explicit_and_safe[]" time="0.001" /><testcase classname="tests.tools.test_launch_independent_run" name="test_submission_queue_is_explicit_and_safe[bad queue]" time="0.001" /><testcase classname="tests.tools.test_launch_independent_run" name="test_submission_queue_is_explicit_and_safe[-debug-g]" time="0.001" /><testcase classname="tests.tools.test_launch_independent_run" name="test_launch_uses_one_syncer_and_scalar_learner_jobs" time="0.001" /><testcase classname="tests.tools.test_launch_independent_run" name="test_submit_returns_every_scalar_actor_job_id" time="0.003" /><testcase classname="tests.tools.test_launch_independent_run" name="test_submission_receipts_are_create_only_and_preserve_partial_acceptance" time="0.003" /><testcase classname="tests.tools.test_request_terminal_close" name="test_manual_close_cli_binds_descriptor_identity_and_reason" time="0.001" /><testcase classname="tests.tools.test_request_terminal_close" name="test_manual_close_cli_rejects_a_nonmanual_run" time="0.001" /><testcase classname="tests.tools.test_resolve_scheduler_uncertainty" name="test_scheduler_resolution_is_dry_run_by_default_and_apply_is_create_no_replace" time="0.003" /><testcase classname="tests.tools.test_resolve_scheduler_uncertainty" name="test_scheduler_resolution_module_has_no_db_pbs_or_cancel_capability" time="0.001" /><testcase classname="tests.tools.test_resolve_scheduler_uncertainty" name="test_scheduler_resolution_refuses_broken_symlink_request_collision" time="0.002" /><testcase classname="tests.torch_ddp_baselines.test_standalone_baseline_artifacts_health" name="test_run_initialization_refuses_to_overwrite_manifest" time="0.005" /><testcase classname="tests.torch_ddp_baselines.test_standalone_baseline_artifacts_health" name="test_health_accepts_complete_ddp_and_periodic_runs" time="0.190" /><testcase classname="tests.torch_ddp_baselines.test_standalone_baseline_artifacts_health" name="test_health_rejects_a_missing_periodic_average" time="0.101" /><testcase classname="tests.torch_ddp_baselines.test_standalone_baseline_config" name="test_2000_step_experiment_config_is_complete_and_pinned" time="0.002" /><testcase classname="tests.torch_ddp_baselines.test_standalone_baseline_config" name="test_unknown_or_duplicated_config_surface_is_rejected" time="0.003" /><testcase classname="tests.torch_ddp_baselines.test_standalone_baseline_data" name="test_text_rows_form_nonoverlapping_fixed_blocks" time="0.000" /><testcase classname="tests.torch_ddp_baselines.test_standalone_baseline_data" name="test_unshuffled_batch_epochs_are_deterministic" time="0.001" /><testcase classname="tests.torch_ddp_baselines.test_standalone_baseline_protocol" name="test_ddp_accumulation_syncs_only_the_final_microbatch" time="0.020" /><testcase classname="tests.torch_ddp_baselines.test_standalone_baseline_protocol" name="test_periodic_average_is_bf16_mean_and_preserves_inner_state" time="0.004" /><testcase classname="tests.torch_ddp_baselines.test_standalone_baseline_protocol" name="test_2000_step_schedule_averages_on_all_ten_boundaries" time="0.001" /><testcase classname="tests.torch_ddp_baselines.test_standalone_baseline_protocol" name="test_two_rank_ddp_matches_the_combined_clipped_gradient" time="2.780" /></testsuite></testsuites>