<?xml version="1.0" encoding="utf-8"?><testsuites name="pytest tests"><testsuite name="pytest" errors="0" failures="0" skipped="0" tests="195" time="19.061" timestamp="2026-08-11T03:40:50.584453+09:00" hostname="mg0007"><testcase classname="tests.architecture.test_authority_surface" name="test_authority_surfaces_have_no_dynamic_dispatch_or_public_sql_escape" time="0.001" /><testcase classname="tests.architecture.test_authority_surface" name="test_named_write_commands_are_explicit_methods" time="0.000" /><testcase classname="tests.architecture.test_authority_surface" name="test_authority_module_owns_the_canonical_schema_and_read_write_surfaces" time="0.025" /><testcase classname="tests.architecture.test_dependency_boundaries" name="test_protocol_is_dependency_free_of_runtime_storage_and_pathlib" time="0.009" /><testcase classname="tests.architecture.test_dependency_boundaries" name="test_storage_does_not_import_runtime" time="0.074" /><testcase classname="tests.architecture.test_module_coverage_manifest" name="test_every_retained_surface_has_one_current_boundary_test_mapping" time="0.156" /><testcase classname="tests.architecture.test_plan_complete_dead_surfaces" name="test_merge_and_admission_modules_expose_the_current_protocol_surface" time="0.003" /><testcase classname="tests.architecture.test_plan_complete_dead_surfaces" name="test_receipt_identity_and_paths_have_one_protocol_owner" time="0.003" /><testcase classname="tests.architecture.test_plan_complete_dead_surfaces" name="test_runtime_composition_has_one_current_actor_boundary" time="0.013" /><testcase classname="tests.architecture.test_plan_complete_dead_surfaces" name="test_only_unversioned_product_surfaces_exist" time="0.005" /><testcase classname="tests.architecture.test_plan_complete_dead_surfaces" name="test_no_product_generation_suffix_in_tracked_contents" time="0.222" /><testcase classname="tests.architecture.test_plan_complete_dead_surfaces" name="test_python_floor_and_public_invocation_surface_are_unique" time="0.004" /><testcase classname="tests.architecture.test_plan_complete_dead_surfaces" name="test_artifact_versions_and_run_paths_have_explicit_owners" time="0.005" /><testcase classname="tests.harness.test_full_protocol_harness" name="test_aggregate_checker_accepts_adjudicated_terminal_overshoot" time="0.467" /><testcase classname="tests.harness.test_full_protocol_harness" name="test_aggregate_checker_accepts_independent_actor_jobs" time="0.433" /><testcase classname="tests.harness.test_full_protocol_harness" name="test_aggregate_checker_rejects_submission_receipt_mismatch" time="0.427" /><testcase classname="tests.harness.test_full_protocol_harness" name="test_aggregate_checker_rejects_actor_queue_mismatch" time="0.433" /><testcase classname="tests.harness.test_full_protocol_harness" name="test_aggregate_checker_accepts_registered_fault_behavior[learner_replacement-2-epoch_states0-2-1]" time="0.438" /><testcase classname="tests.harness.test_full_protocol_harness" name="test_aggregate_checker_accepts_registered_fault_behavior[syncer_takeover-3-epoch_states1-1-2]" time="0.443" /><testcase classname="tests.harness.test_full_protocol_harness" name="test_syncer_takeover_boundary_is_argument_bound_and_durable" time="0.887" /><testcase classname="tests.harness.test_full_protocol_harness" name="test_aggregate_checker_fault_mutations_change_acceptance_to_fail[learner_replacement-replacement_history-registered learner replacement history is not exact]" time="0.437" /><testcase classname="tests.harness.test_full_protocol_harness" name="test_aggregate_checker_fault_mutations_change_acceptance_to_fail[learner_replacement-replacement_evidence-registered learner replacement evidence is missing]" time="0.437" /><testcase classname="tests.harness.test_full_protocol_harness" name="test_aggregate_checker_fault_mutations_change_acceptance_to_fail[syncer_takeover-takeover_boundary-syncer takeover evidence does not prove the registered fault layer]" time="0.442" /><testcase classname="tests.harness.test_full_protocol_harness" name="test_aggregate_checker_fault_mutations_change_acceptance_to_fail[syncer_takeover-takeover_linkage-syncer takeover epoch linkage is invalid]" time="0.443" /><testcase classname="tests.harness.test_full_protocol_harness" name="test_aggregate_checker_mutations_change_acceptance_to_fail[source_identity]" time="0.428" /><testcase classname="tests.harness.test_full_protocol_harness" name="test_aggregate_checker_mutations_change_acceptance_to_fail[resolved_config]" time="0.419" /><testcase classname="tests.harness.test_full_protocol_harness" name="test_aggregate_checker_mutations_change_acceptance_to_fail[epoch_lifecycle]" time="0.434" /><testcase classname="tests.harness.test_full_protocol_harness" name="test_aggregate_checker_mutations_change_acceptance_to_fail[attested_topology]" time="0.433" /><testcase classname="tests.harness.test_full_protocol_harness" name="test_aggregate_checker_mutations_change_acceptance_to_fail[terminal_authority]" time="0.436" /><testcase classname="tests.harness.test_full_protocol_harness" name="test_aggregate_checker_mutations_change_acceptance_to_fail[terminal_applied_total]" time="0.437" /><testcase classname="tests.harness.test_full_protocol_harness" name="test_aggregate_checker_mutations_change_acceptance_to_fail[terminal_stop_schema]" time="0.432" /><testcase classname="tests.harness.test_full_protocol_harness" name="test_aggregate_checker_mutations_change_acceptance_to_fail[terminal_summary_schema]" time="0.481" /><testcase classname="tests.harness.test_full_protocol_harness" name="test_aggregate_checker_mutations_change_acceptance_to_fail[terminal_control_mutability]" time="0.434" /><testcase classname="tests.harness.test_full_protocol_harness" name="test_aggregate_checker_mutations_change_acceptance_to_fail[archive_integrity]" time="0.429" /><testcase classname="tests.harness.test_full_protocol_harness" name="test_aggregate_checker_mutations_change_acceptance_to_fail[exact_workload]" time="0.433" /><testcase classname="tests.harness.test_full_protocol_harness" name="test_aggregate_checker_mutations_change_acceptance_to_fail[normal_non_drop_fate]" time="0.429" /><testcase classname="tests.harness.test_full_protocol_harness" name="test_aggregate_checker_mutations_change_acceptance_to_fail[unregistered_replacement]" time="0.429" /><testcase classname="tests.harness.test_full_protocol_harness" name="test_aggregate_checker_mutations_change_acceptance_to_fail[publication_identity]" time="0.426" /><testcase classname="tests.harness.test_full_protocol_harness" name="test_checker_parser_freezes_topology_workload_and_fault_oracles" time="0.003" /><testcase classname="tests.harness.test_full_protocol_harness" name="test_checker_classifies_missing_run_as_structured_blocked_artifact" time="0.224" /><testcase classname="tests.harness.test_full_protocol_harness" name="test_checker_classifies_malformed_current_run_as_fail" time="0.422" /><testcase classname="tests.harness.test_full_protocol_harness" name="test_checker_explicit_execution_block_publishes_current_schema" time="0.227" /><testcase classname="tests.harness.test_full_protocol_harness" name="test_checker_verifies_publication_size_and_hash" time="0.002" /><testcase classname="tests.harness.test_full_protocol_harness" name="test_checker_rejects_escaped_or_symlinked_publication_objects" time="0.001" /><testcase classname="tests.harness.test_full_protocol_harness" name="test_checker_rejects_publication_below_symlinked_parent" time="0.001" /><testcase classname="tests.harness.test_full_protocol_harness" name="test_gate_artifact_validator_rejects_self_proof" time="0.002" /><testcase classname="tests.harness.test_full_protocol_harness" name="test_token_balance_oracle_classifies_every_direct_fate" time="0.001" /><testcase classname="tests.harness.test_full_protocol_harness" name="test_checker_registers_exact_fault_scenario[none-states0-None]" time="0.001" /><testcase classname="tests.harness.test_full_protocol_harness" name="test_checker_registers_exact_fault_scenario[learner_replacement-states1-learner_000]" time="0.002" /><testcase classname="tests.harness.test_full_protocol_harness" name="test_checker_registers_exact_fault_scenario[syncer_takeover-states2-None]" time="0.001" /><testcase classname="tests.harness.test_full_protocol_harness" name="test_checker_rejects_unregistered_fault_scenario" time="0.001" /><testcase classname="tests.harness.test_full_protocol_harness" name="test_actor_identity_shell_exports_exact_descriptor_bound_source" time="0.221" /><testcase classname="tests.harness.test_full_protocol_harness" name="test_pbs_scripts_bind_literal_group_minimum_walltime_and_one_current_runner" time="0.005" /><testcase classname="tests.harness.test_full_protocol_harness" name="test_pbs_wrapper_publishes_blocked_artifact_when_allocation_exits" time="0.023" /><testcase classname="tests.harness.test_plan_completion" name="test_archived_manifest_registers_exact_final_ladder" time="0.003" /><testcase classname="tests.harness.test_plan_completion" name="test_registered_manifest_rejects_extra_or_missing_gate" time="0.002" /><testcase classname="tests.harness.test_plan_completion" name="test_completion_aggregate_accepts_registered_staged_inputs" time="0.006" /><testcase classname="tests.harness.test_plan_completion" name="test_completion_aggregate_rejects_wrong_source_and_self_input" time="0.004" /><testcase classname="tests.harness.test_plan_completion" name="test_completion_rejects_mismatched_syncer_takeover_boundary" time="0.005" /><testcase classname="tests.harness.test_plan_completion" name="test_completion_rejects_unbound_matrix_and_non_internal_review" time="0.007" /><testcase classname="tests.harness.test_plan_completion" name="test_completion_rejects_supporting_evidence_unrelated_to_gate_artifact" time="0.005" /><testcase classname="tests.harness.test_plan_completion" name="test_completed_mode_requires_tracked_staged_artifact_in_final_matrix" time="0.002" /><testcase classname="tests.harness.test_plan_completion" name="test_tracked_evidence_check_rejects_untracked_file" time="0.003" /><testcase classname="tests.harness.test_validation_suite" name="test_validation_runner_publishes_create_only_schema_complete_pass" time="0.035" /><testcase classname="tests.harness.test_validation_suite" name="test_validation_runner_classifies_command_failure_as_fail" time="0.033" /><testcase classname="tests.harness.test_validation_suite" name="test_validation_runner_blocks_dirty_source_without_running_commands" time="0.003" /><testcase classname="tests.harness.test_validation_suite" name="test_validation_runner_rejects_duplicate_evidence_step_names" time="0.002" /><testcase classname="tests.harness.test_validation_suite" name="test_validation_runner_records_machine_checkable_pytest_counts" time="0.469" /><testcase classname="tests.harness.test_validation_suite" name="test_validation_runner_rejects_zero_or_skipped_pytest_with_zero_exit[0-0]" time="0.003" /><testcase classname="tests.harness.test_validation_suite" name="test_validation_runner_rejects_zero_or_skipped_pytest_with_zero_exit[1-1]" time="0.003" /><testcase classname="tests.runtime.test_learner_entrypoint" name="test_static_learner_admission_is_revalidated_before_runtime_import" time="0.001" /><testcase classname="tests.runtime.test_learner_entrypoint" name="test_learner_parser_rejects_dynamic_and_static_identity_mixing" time="0.001" /><testcase classname="tests.runtime.test_syncer_fault_boundary" name="test_syncer_fault_boundary_orders_quiesce_marker_and_sigstop" time="0.001" /><testcase classname="tests.runtime.test_syncer_fault_boundary" name="test_syncer_fault_boundary_refuses_an_active_authority_transaction" time="0.007" /><testcase classname="tests.runtime.test_syncer_composition" name="test_active_static_attempt_replacement_requires_matching_authorization" time="0.014" /><testcase classname="tests.runtime.test_syncer_composition" name="test_active_static_replacement_consumes_exact_authorization[True]" time="0.015" /><testcase classname="tests.runtime.test_syncer_composition" name="test_active_static_replacement_consumes_exact_authorization[False]" time="0.014" /><testcase classname="tests.runtime.test_syncer_composition" name="test_receipt_ingest_propagates_integrity_failures[AuthoritySchemaError]" time="0.002" /><testcase classname="tests.runtime.test_syncer_composition" name="test_receipt_ingest_propagates_integrity_failures[CommandConflictError]" time="0.001" /><testcase classname="tests.runtime.test_syncer_composition" name="test_receipt_ingest_propagates_integrity_failures[StaleLeaderTokenError]" time="0.001" /><testcase classname="tests.runtime.test_syncer_composition" name="test_proposal_ingest_propagates_integrity_failures[AuthoritySchemaError]" time="0.001" /><testcase classname="tests.runtime.test_syncer_composition" name="test_proposal_ingest_propagates_integrity_failures[CommandConflictError]" time="0.001" /><testcase classname="tests.runtime.test_syncer_composition" name="test_proposal_ingest_propagates_integrity_failures[StaleLeaderTokenError]" time="0.001" /><testcase classname="tests.runtime.test_syncer_composition" name="test_receipt_ingest_retries_only_sqlite_contention[5-False]" time="0.001" /><testcase classname="tests.runtime.test_syncer_composition" name="test_receipt_ingest_retries_only_sqlite_contention[6-False]" time="0.001" /><testcase classname="tests.runtime.test_syncer_composition" name="test_receipt_ingest_retries_only_sqlite_contention[10-True]" time="0.001" /><testcase classname="tests.runtime.test_syncer_startup_admission" name="test_initial_static_requests_are_admitted_before_runtime_import" time="0.000" /><testcase classname="tests.runtime.test_syncer_startup_admission" name="test_bounded_startup_window_leaves_late_requests_for_main_loop" time="0.000" /><testcase classname="tests.runtime.test_syncer_startup_admission" name="test_syncer_admission_modules_load_without_torch" time="0.123" /><testcase classname="tests.runtime.test_syncer_startup_admission" name="test_candidate_cleanup_preserves_primary_failure_and_surfaces_release_failure[False]" time="0.001" /><testcase classname="tests.runtime.test_syncer_startup_admission" name="test_candidate_cleanup_preserves_primary_failure_and_surfaces_release_failure[True]" time="0.001" /><testcase classname="tests.runtime.test_terminal_service" name="test_terminal_service_honors_bounded_final_merge_policy[0-0]" time="0.014" /><testcase classname="tests.runtime.test_terminal_service" name="test_terminal_service_honors_bounded_final_merge_policy[1-1]" time="0.014" /><testcase classname="tests.runtime.test_terminal_service" name="test_terminal_preclose_visibility_uses_one_frozen_wall_cutoff" time="0.015" /><testcase classname="tests.runtime.test_terminal_service" name="test_terminal_wait_does_not_sleep_past_durable_ack_deadline" time="0.013" /><testcase classname="tests.runtime.test_terminal_service" name="test_terminal_ack_telemetry_does_not_override_writer_identity" time="0.013" /><testcase classname="tests.runtime.test_terminal_service" name="test_terminal_merge_conflict_does_not_consume_terminal_budget" time="0.014" /><testcase classname="tests.runtime.test_terminal_service" name="test_manual_reason_is_not_used_as_a_protocol_command_identity" time="0.014" /><testcase classname="tests.runtime.test_terminal_service" name="test_preclose_cutoff_and_deadline_survive_successor_takeover" time="0.015" /><testcase classname="tests.runtime.test_terminal_service" name="test_terminal_close_reason_consumes_global_target_and_deadline_policy" time="0.011" /><testcase classname="tests.runtime.test_terminal_service" name="test_launch_budget_close_requires_released_reservations_and_low_capacity[None-0-1-None]" time="0.011" /><testcase classname="tests.runtime.test_terminal_service" name="test_launch_budget_close_requires_released_reservations_and_low_capacity[101.0-1-0-None]" time="0.011" /><testcase classname="tests.runtime.test_terminal_service" name="test_launch_budget_close_requires_released_reservations_and_low_capacity[101.0-0-0-launch_budget_exhausted]" time="0.011" /><testcase classname="tests.storage.test_authority_operational" name="test_authority_token_rollup_balances_receipt_only_and_applied_fates" time="0.018" /><testcase classname="tests.storage.test_authority_operational" name="test_abandoned_selection_does_not_consume_persistent_service_credit" time="0.017" /><testcase classname="tests.storage.test_authority_operational" name="test_sql_fair_selection_uses_committed_count_before_version_ties" time="0.106" /><testcase classname="tests.storage.test_authority_operational" name="test_process_elapsed_safety_is_monotonic_despite_wall_clock_jumps" time="0.000" /><testcase classname="tests.storage.test_authority_operational" name="test_dynamic_replacement_returns_full_contiguous_resume_state" time="0.022" /><testcase classname="tests.storage.test_authority_operational" name="test_terminal_close_freezes_fence_blocks_admission_and_accounts_hard_crash" time="0.016" /><testcase classname="tests.storage.test_authority_operational" name="test_terminal_preclose_admits_only_static_requests_before_durable_cutoff" time="0.008" /><testcase classname="tests.storage.test_authority_operational" name="test_terminal_preclose_admits_only_dynamic_requests_before_durable_cutoff" time="0.010" /><testcase classname="tests.storage.test_authority_operational" name="test_terminal_hard_crash_gap_is_summed_per_lost_incarnation" time="0.016" /><testcase classname="tests.storage.test_authority_operational" name="test_static_restart_recovers_authoritative_cursor_and_receipt_chain" time="0.015" /><testcase classname="tests.storage.test_authority_operational" name="test_telemetry_deletion_cannot_change_authoritative_token_summary" time="0.010" /><testcase classname="tests.storage.test_authority_operational" name="test_terminal_final_receipt_ack_preserves_zero_gap_and_balanced_tokens" time="0.016" /><testcase classname="tests.storage.test_authority_operational" name="test_terminal_zero_cycle_ack_requires_no_receipt_and_preserves_zero_gap" time="0.013" /><testcase classname="tests.storage.test_authority_operational" name="test_terminal_close_snapshot_cannot_be_rewritten_by_a_second_command" time="0.012" /><testcase classname="tests.storage.test_authority_operational" name="test_terminal_ack_rejects_a_missing_proposal_promised_by_final_receipt" time="0.014" /><testcase classname="tests.storage.test_authority_operational" name="test_terminal_close_accepts_only_one_contiguous_current_cycle_and_matching_update" time="0.022" /><testcase classname="tests.storage.test_authority_operational" name="test_scheduler_operator_request_is_expected_state_cas_and_audited" time="0.015" /><testcase classname="tests.storage.test_authority_operational" name="test_terminal_ack_can_precede_final_proposal_visibility_and_merge" time="0.019" /><testcase classname="tests.storage.test_authority_operational" name="test_scheduler_uncertainty_deadline_survives_leader_change_and_bounds_resolution" time="0.013" /><testcase classname="tests.storage.test_authority_operational" name="test_immutable_audit_batch_precedes_exact_history_prune_and_preserves_rollup" time="0.033" /><testcase classname="tests.storage.test_authority_operational" name="test_online_archive_retains_each_current_receipt_until_terminal_ack" time="0.035" /><testcase classname="tests.storage.test_authority_operational" name="test_audit_archive_never_prunes_latest_version_or_blocks_next_commit" time="0.029" /><testcase classname="tests.storage.test_authority_operational" name="test_active_leader_compacts_audit_batches_before_exact_source_gc" time="0.032" /><testcase classname="tests.storage.test_authority_operational" name="test_fenced_maintenance_archives_history_and_successor_reclaims_artifact_gc" time="0.034" /><testcase classname="tests.storage.test_authority_operational" name="test_artifact_gc_refuses_symlinked_or_identity_changed_objects" time="0.001" /><testcase classname="tests.storage.test_contributor_progress" name="test_contributor_progress_advances_only_contiguous_receipt_chain" time="0.010" /><testcase classname="tests.storage.test_contributor_progress" name="test_contributor_progress_rejects_sequence_hole_and_cursor_mismatch" time="0.009" /><testcase classname="tests.storage.test_dynamic_admission_request" name="test_dynamic_request_carries_exact_bootstrap_authorization" time="0.001" /><testcase classname="tests.storage.test_dynamic_admission_request" name="test_admission_response_carries_last_planned_update_identity" time="0.002" /><testcase classname="tests.test_capture_source_identity" name="test_capture_source_identity_hashes_tracked_and_untracked_runtime_sources" time="0.458" /><testcase classname="tests.test_clean_run" name="test_dry_run_preserves_authority_and_selects_only_policy_owned_redundancy" time="0.008" /><testcase classname="tests.test_clean_run" name="test_execute_rechecks_plan_and_publishes_exact_manifest" time="0.008" /><testcase classname="tests.test_clean_run" name="test_live_authority_reference_blocks_cleanup" time="0.006" /><testcase classname="tests.test_clean_run" name="test_authority_gc_ownership_retains_candidate[pending]" time="0.006" /><testcase classname="tests.test_clean_run" name="test_authority_gc_ownership_retains_candidate[claimed]" time="0.006" /><testcase classname="tests.test_clean_run" name="test_missing_policy_or_nonpass_evidence_fails_closed" time="0.006" /><testcase classname="tests.test_clean_run" name="test_mismatched_evidence_and_broad_run_target_are_rejected" time="0.009" /><testcase classname="tests.test_clean_run" name="test_symlinked_candidate_parent_is_never_followed" time="0.005" /><testcase classname="tests.test_clean_run" name="test_evidence_descriptor_and_terminal_identities_must_match" time="0.006" /><testcase classname="tests.test_clean_run" name="test_terminal_projection_and_cleanup_target_must_match_immutable_evidence" time="0.006" /><testcase classname="tests.test_clean_run" name="test_authority_sidecar_or_symlinked_database_blocks_cleanup" time="0.005" /><testcase classname="tests.test_clean_run" name="test_execute_revalidates_evidence_and_candidate_identity" time="0.011" /><testcase classname="tests.test_clean_run" name="test_execute_never_follows_a_parent_swapped_to_a_symlink" time="0.006" /><testcase classname="tests.test_clean_run" name="test_cli_has_one_explicit_dry_run_and_execute_interface" time="0.010" /><testcase classname="tests.test_config" name="test_repository_configs_use_the_one_strict_schema[full_protocol_dynamic.yaml]" time="0.009" /><testcase classname="tests.test_config" name="test_repository_configs_use_the_one_strict_schema[full_protocol_functional.yaml]" time="0.007" /><testcase classname="tests.test_config" name="test_repository_configs_use_the_one_strict_schema[full_protocol_static.yaml]" time="0.009" /><testcase classname="tests.test_config" name="test_static_config_rejects_repeated_or_inert_capacity_fields[membership:\n  mode: static\n  stream_pool_size: 4\n]" time="0.001" /><testcase classname="tests.test_config" name="test_static_config_rejects_repeated_or_inert_capacity_fields[membership:\n  mode: static\n  bootstrap_instances: 4\n]" time="0.001" /><testcase classname="tests.test_config" name="test_static_config_rejects_repeated_or_inert_capacity_fields[membership:\n  mode: static\nscaling:\n  enabled: false\n]" time="0.001" /><testcase classname="tests.test_config" name="test_hub_inputs_require_immutable_commit_revisions[None]" time="0.002" /><testcase classname="tests.test_config" name="test_hub_inputs_require_immutable_commit_revisions[main]" time="0.002" /><testcase classname="tests.test_config" name="test_hub_inputs_require_immutable_commit_revisions[v1.0]" time="0.002" /><testcase classname="tests.test_config" name="test_hub_inputs_require_immutable_commit_revisions[AAAAAAAAAAAAAAAAAAAAAAAAAAAAAAAAAAAAAAAA]" time="0.002" /><testcase classname="tests.test_config" name="test_hub_inputs_require_immutable_commit_revisions[aaaaaaaaaaaaaaaaaaaaaaaaaaaaaaaaaaaaaaa]" time="0.001" /><testcase classname="tests.test_config" name="test_hub_inputs_at_immutable_commits_are_valid" time="0.001" /><testcase classname="tests.test_config" name="test_local_inputs_are_rejected_without_content_identity[model-/models/model]" time="0.002" /><testcase classname="tests.test_config" name="test_local_inputs_are_rejected_without_content_identity[model-./models/model]" time="0.002" /><testcase classname="tests.test_config" name="test_local_inputs_are_rejected_without_content_identity[model-../models/model]" time="0.002" /><testcase classname="tests.test_config" name="test_local_inputs_are_rejected_without_content_identity[model-file:///models/model]" time="0.002" /><testcase classname="tests.test_config" name="test_local_inputs_are_rejected_without_content_identity[data-/datasets/data]" time="0.002" /><testcase classname="tests.test_config" name="test_local_inputs_are_rejected_without_content_identity[data-./datasets/data]" time="0.002" /><testcase classname="tests.test_config" name="test_local_inputs_are_rejected_without_content_identity[data-../datasets/data]" time="0.002" /><testcase classname="tests.test_config" name="test_local_inputs_are_rejected_without_content_identity[data-file:///datasets/data]" time="0.002" /><testcase classname="tests.test_config" name="test_unknown_top_level_keys_are_rejected" time="0.001" /><testcase classname="tests.test_config" name="test_config_rejects_invalid_current_types_and_identities[config_schema_version: true\n-config_schema_version must be an integer]" time="0.001" /><testcase classname="tests.test_config" name="test_config_rejects_invalid_current_types_and_identities[sync:\n  scan_interval_seconds: '0.5'\n-scan_interval_seconds must be a number]" time="0.002" /><testcase classname="tests.test_config" name="test_config_rejects_invalid_current_types_and_identities[run:\n  name: invalid/name\n-run.name must be a safe]" time="0.002" /><testcase classname="tests.test_config" name="test_config_rejects_invalid_current_types_and_identities[run:\n  source_fingerprint: sha256:short\n-run.source_fingerprint must be a sha256 digest]" time="0.002" /><testcase classname="tests.test_config" name="test_direct_weight_stop_round_trips_through_the_only_config_type" time="0.007" /><testcase classname="tests.test_config" name="test_resolution_owns_run_identity_and_path_substitution" time="0.005" /><testcase classname="tests.test_config" name="test_leader_timing_constraints_fail_closed[leader0]" time="0.002" /><testcase classname="tests.test_config" name="test_leader_timing_constraints_fail_closed[leader1]" time="0.001" /><testcase classname="tests.test_config" name="test_leader_timing_constraints_fail_closed[leader2]" time="0.001" /><testcase classname="tests.test_config" name="test_leader_timing_constraints_fail_closed[leader3]" time="0.001" /><testcase classname="tests.test_config" name="test_repository_hub_revisions_are_pinned_when_not_synthetic" time="0.014" /><testcase classname="tests.tools.test_analysis" name="test_summarize_run_projects_current_read_only_authority" time="0.001" /><testcase classname="tests.tools.test_analysis" name="test_analysis_cli_applies_registered_assertions_before_json_output" time="0.001" /><testcase classname="tests.tools.test_launch_independent_run" name="test_submission_walltime_is_explicit_and_at_least_ten_minutes[None]" time="0.000" /><testcase classname="tests.tools.test_launch_independent_run" name="test_submission_walltime_is_explicit_and_at_least_ten_minutes[00:09:59]" time="0.000" /><testcase classname="tests.tools.test_launch_independent_run" name="test_submission_walltime_is_explicit_and_at_least_ten_minutes[invalid]" time="0.000" /><testcase classname="tests.tools.test_launch_independent_run" name="test_submission_walltime_is_explicit_and_at_least_ten_minutes[00:00:00]" time="0.000" /><testcase classname="tests.tools.test_launch_independent_run" name="test_submission_queue_is_explicit_and_safe[None]" time="0.000" /><testcase classname="tests.tools.test_launch_independent_run" name="test_submission_queue_is_explicit_and_safe[]" time="0.000" /><testcase classname="tests.tools.test_launch_independent_run" name="test_submission_queue_is_explicit_and_safe[bad queue]" time="0.000" /><testcase classname="tests.tools.test_launch_independent_run" name="test_submission_queue_is_explicit_and_safe[-debug-g]" time="0.000" /><testcase classname="tests.tools.test_launch_independent_run" name="test_launch_uses_one_syncer_and_scalar_learner_jobs[static]" time="0.001" /><testcase classname="tests.tools.test_launch_independent_run" name="test_launch_uses_one_syncer_and_scalar_learner_jobs[dynamic]" time="0.001" /><testcase classname="tests.tools.test_launch_independent_run" name="test_submit_returns_every_scalar_actor_job_id" time="0.005" /><testcase classname="tests.tools.test_launch_independent_run" name="test_submission_receipts_are_create_only_and_preserve_partial_acceptance" time="0.003" /><testcase classname="tests.tools.test_request_terminal_close" name="test_manual_close_cli_binds_descriptor_identity_and_reason" time="0.001" /><testcase classname="tests.tools.test_request_terminal_close" name="test_manual_close_cli_rejects_a_nonmanual_run" time="0.001" /></testsuite></testsuites>